[0.346s] Invoking command in '/home/nman/owl_project_ws/src/my_robot_sdk': PYTHONPATH=/home/nman/owl_project_ws/build/my_robot_sdk/prefix_override:/usr/lib/python3/dist-packages/colcon_core/task/python/colcon_distutils_commands:/home/nman/owl_project_ws/install/my_robot_sdk/lib/python3.10/site-packages:${PYTHONPATH} /usr/bin/python3 -W ignore:setup.py install is deprecated -W ignore:easy_install command is deprecated setup.py egg_info --egg-base ../../build/my_robot_sdk build --build-base /home/nman/owl_project_ws/build/my_robot_sdk/build install --record /home/nman/owl_project_ws/build/my_robot_sdk/install.log --single-version-externally-managed install_data
[0.466s] running egg_info
[0.467s] writing ../../build/my_robot_sdk/my_robot_sdk.egg-info/PKG-INFO
[0.467s] writing dependency_links to ../../build/my_robot_sdk/my_robot_sdk.egg-info/dependency_links.txt
[0.467s] writing entry points to ../../build/my_robot_sdk/my_robot_sdk.egg-info/entry_points.txt
[0.467s] writing requirements to ../../build/my_robot_sdk/my_robot_sdk.egg-info/requires.txt
[0.467s] writing top-level names to ../../build/my_robot_sdk/my_robot_sdk.egg-info/top_level.txt
[0.468s] reading manifest file '../../build/my_robot_sdk/my_robot_sdk.egg-info/SOURCES.txt'
[0.469s] writing manifest file '../../build/my_robot_sdk/my_robot_sdk.egg-info/SOURCES.txt'
[0.469s] running build
[0.469s] running build_py
[0.469s] running install
[0.469s] running install_lib
[0.470s] running install_data
[0.470s] running install_egg_info
[0.471s] removing '/home/nman/owl_project_ws/install/my_robot_sdk/lib/python3.10/site-packages/my_robot_sdk-0.0.0-py3.10.egg-info' (and everything under it)
[0.471s] Copying ../../build/my_robot_sdk/my_robot_sdk.egg-info to /home/nman/owl_project_ws/install/my_robot_sdk/lib/python3.10/site-packages/my_robot_sdk-0.0.0-py3.10.egg-info
[0.471s] running install_scripts
[0.482s] writing list of installed files to '/home/nman/owl_project_ws/build/my_robot_sdk/install.log'
[0.493s] Invoked command in '/home/nman/owl_project_ws/src/my_robot_sdk' returned '0': PYTHONPATH=/home/nman/owl_project_ws/build/my_robot_sdk/prefix_override:/usr/lib/python3/dist-packages/colcon_core/task/python/colcon_distutils_commands:/home/nman/owl_project_ws/install/my_robot_sdk/lib/python3.10/site-packages:${PYTHONPATH} /usr/bin/python3 -W ignore:setup.py install is deprecated -W ignore:easy_install command is deprecated setup.py egg_info --egg-base ../../build/my_robot_sdk build --build-base /home/nman/owl_project_ws/build/my_robot_sdk/build install --record /home/nman/owl_project_ws/build/my_robot_sdk/install.log --single-version-externally-managed install_data
