[0.014s] Invoking command in '/home/nman/owl_project_ws/build/my_robot_moveit_config': CMAKE_PREFIX_PATH=/opt/ros/humble /usr/bin/cmake /home/nman/owl_project_ws/src/my_robot_moveit_config -DCMAKE_INSTALL_PREFIX=/home/nman/owl_project_ws/install/my_robot_moveit_config
[0.091s] -- The C compiler identification is GNU 11.4.0
[0.157s] -- The CXX compiler identification is GNU 11.4.0
[0.164s] -- Detecting C compiler ABI info
[0.226s] -- Detecting C compiler ABI info - done
[0.232s] -- Check for working C compiler: /usr/bin/cc - skipped
[0.233s] -- Detecting C compile features
[0.233s] -- Detecting C compile features - done
[0.236s] -- Detecting CXX compiler ABI info
[0.304s] -- Detecting CXX compiler ABI info - done
[0.311s] -- Check for working CXX compiler: /usr/bin/c++ - skipped
[0.311s] -- Detecting CXX compile features
[0.312s] -- Detecting CXX compile features - done
[0.316s] -- Found ament_cmake: 1.3.14 (/opt/ros/humble/share/ament_cmake/cmake)
[0.450s] -- Found Python3: /usr/bin/python3 (found version "3.10.12") found components: Interpreter 
[0.522s] -- Found ament_lint_auto: 0.12.15 (/opt/ros/humble/share/ament_lint_auto/cmake)
[0.585s] -- Added test 'lint_cmake' to check CMake code style
[0.586s] -- Added test 'xmllint' to check XML markup files
[0.587s] -- Configuring done
[0.589s] -- Generating done
[0.590s] -- Build files have been written to: /home/nman/owl_project_ws/build/my_robot_moveit_config
[0.597s] Invoked command in '/home/nman/owl_project_ws/build/my_robot_moveit_config' returned '0': CMAKE_PREFIX_PATH=/opt/ros/humble /usr/bin/cmake /home/nman/owl_project_ws/src/my_robot_moveit_config -DCMAKE_INSTALL_PREFIX=/home/nman/owl_project_ws/install/my_robot_moveit_config
[0.598s] Invoking command in '/home/nman/owl_project_ws/build/my_robot_moveit_config': CMAKE_PREFIX_PATH=/opt/ros/humble /usr/bin/cmake --build /home/nman/owl_project_ws/build/my_robot_moveit_config -- -j24 -l24
[0.630s] Invoked command in '/home/nman/owl_project_ws/build/my_robot_moveit_config' returned '0': CMAKE_PREFIX_PATH=/opt/ros/humble /usr/bin/cmake --build /home/nman/owl_project_ws/build/my_robot_moveit_config -- -j24 -l24
[0.637s] Invoking command in '/home/nman/owl_project_ws/build/my_robot_moveit_config': CMAKE_PREFIX_PATH=/opt/ros/humble /usr/bin/cmake --install /home/nman/owl_project_ws/build/my_robot_moveit_config
[0.643s] -- Install configuration: ""
[0.643s] -- Installing: /home/nman/owl_project_ws/install/my_robot_moveit_config/share/ament_index/resource_index/package_run_dependencies/my_robot_moveit_config
[0.643s] -- Installing: /home/nman/owl_project_ws/install/my_robot_moveit_config/share/ament_index/resource_index/parent_prefix_path/my_robot_moveit_config
[0.643s] -- Installing: /home/nman/owl_project_ws/install/my_robot_moveit_config/share/my_robot_moveit_config/environment/ament_prefix_path.sh
[0.643s] -- Installing: /home/nman/owl_project_ws/install/my_robot_moveit_config/share/my_robot_moveit_config/environment/ament_prefix_path.dsv
[0.643s] -- Installing: /home/nman/owl_project_ws/install/my_robot_moveit_config/share/my_robot_moveit_config/environment/path.sh
[0.643s] -- Installing: /home/nman/owl_project_ws/install/my_robot_moveit_config/share/my_robot_moveit_config/environment/path.dsv
[0.644s] -- Installing: /home/nman/owl_project_ws/install/my_robot_moveit_config/share/my_robot_moveit_config/local_setup.bash
[0.644s] -- Installing: /home/nman/owl_project_ws/install/my_robot_moveit_config/share/my_robot_moveit_config/local_setup.sh
[0.644s] -- Installing: /home/nman/owl_project_ws/install/my_robot_moveit_config/share/my_robot_moveit_config/local_setup.zsh
[0.644s] -- Installing: /home/nman/owl_project_ws/install/my_robot_moveit_config/share/my_robot_moveit_config/local_setup.dsv
[0.644s] -- Installing: /home/nman/owl_project_ws/install/my_robot_moveit_config/share/my_robot_moveit_config/package.dsv
[0.644s] -- Installing: /home/nman/owl_project_ws/install/my_robot_moveit_config/share/ament_index/resource_index/packages/my_robot_moveit_config
[0.644s] -- Installing: /home/nman/owl_project_ws/install/my_robot_moveit_config/share/my_robot_moveit_config/cmake/my_robot_moveit_configConfig.cmake
[0.644s] -- Installing: /home/nman/owl_project_ws/install/my_robot_moveit_config/share/my_robot_moveit_config/cmake/my_robot_moveit_configConfig-version.cmake
[0.644s] -- Installing: /home/nman/owl_project_ws/install/my_robot_moveit_config/share/my_robot_moveit_config/package.xml
[0.647s] Invoked command in '/home/nman/owl_project_ws/build/my_robot_moveit_config' returned '0': CMAKE_PREFIX_PATH=/opt/ros/humble /usr/bin/cmake --install /home/nman/owl_project_ws/build/my_robot_moveit_config
