[0.017s] Invoking command in '/home/nman/owl_project_ws/build/my_robot_bringup': CMAKE_PREFIX_PATH=/opt/ros/humble /usr/bin/cmake /home/nman/owl_project_ws/src/my_robot_bringup -DCMAKE_INSTALL_PREFIX=/home/nman/owl_project_ws/install/my_robot_bringup
[0.094s] -- The C compiler identification is GNU 11.4.0
[0.158s] -- The CXX compiler identification is GNU 11.4.0
[0.167s] -- Detecting C compiler ABI info
[0.232s] -- Detecting C compiler ABI info - done
[0.239s] -- Check for working C compiler: /usr/bin/cc - skipped
[0.239s] -- Detecting C compile features
[0.239s] -- Detecting C compile features - done
[0.242s] -- Detecting CXX compiler ABI info
[0.308s] -- Detecting CXX compiler ABI info - done
[0.317s] -- Check for working CXX compiler: /usr/bin/c++ - skipped
[0.317s] -- Detecting CXX compile features
[0.317s] -- Detecting CXX compile features - done
[0.324s] -- Found ament_cmake: 1.3.14 (/opt/ros/humble/share/ament_cmake/cmake)
[0.456s] -- Found Python3: /usr/bin/python3 (found version "3.10.12") found components: Interpreter 
[0.530s] -- Found ament_lint_auto: 0.12.15 (/opt/ros/humble/share/ament_lint_auto/cmake)
[0.593s] -- Added test 'lint_cmake' to check CMake code style
[0.594s] -- Added test 'xmllint' to check XML markup files
[0.595s] -- Configuring done
[0.597s] -- Generating done
[0.598s] -- Build files have been written to: /home/nman/owl_project_ws/build/my_robot_bringup
[0.603s] Invoked command in '/home/nman/owl_project_ws/build/my_robot_bringup' returned '0': CMAKE_PREFIX_PATH=/opt/ros/humble /usr/bin/cmake /home/nman/owl_project_ws/src/my_robot_bringup -DCMAKE_INSTALL_PREFIX=/home/nman/owl_project_ws/install/my_robot_bringup
[0.605s] Invoking command in '/home/nman/owl_project_ws/build/my_robot_bringup': CMAKE_PREFIX_PATH=/opt/ros/humble /usr/bin/cmake --build /home/nman/owl_project_ws/build/my_robot_bringup -- -j24 -l24
[0.648s] Invoked command in '/home/nman/owl_project_ws/build/my_robot_bringup' returned '0': CMAKE_PREFIX_PATH=/opt/ros/humble /usr/bin/cmake --build /home/nman/owl_project_ws/build/my_robot_bringup -- -j24 -l24
[0.649s] Invoking command in '/home/nman/owl_project_ws/build/my_robot_bringup': CMAKE_PREFIX_PATH=/opt/ros/humble /usr/bin/cmake --install /home/nman/owl_project_ws/build/my_robot_bringup
[0.655s] -- Install configuration: ""
[0.655s] -- Installing: /home/nman/owl_project_ws/install/my_robot_bringup/share/ament_index/resource_index/package_run_dependencies/my_robot_bringup
[0.656s] -- Installing: /home/nman/owl_project_ws/install/my_robot_bringup/share/ament_index/resource_index/parent_prefix_path/my_robot_bringup
[0.656s] -- Installing: /home/nman/owl_project_ws/install/my_robot_bringup/share/my_robot_bringup/environment/ament_prefix_path.sh
[0.656s] -- Installing: /home/nman/owl_project_ws/install/my_robot_bringup/share/my_robot_bringup/environment/ament_prefix_path.dsv
[0.656s] -- Installing: /home/nman/owl_project_ws/install/my_robot_bringup/share/my_robot_bringup/environment/path.sh
[0.656s] -- Installing: /home/nman/owl_project_ws/install/my_robot_bringup/share/my_robot_bringup/environment/path.dsv
[0.656s] -- Installing: /home/nman/owl_project_ws/install/my_robot_bringup/share/my_robot_bringup/local_setup.bash
[0.656s] -- Installing: /home/nman/owl_project_ws/install/my_robot_bringup/share/my_robot_bringup/local_setup.sh
[0.656s] -- Installing: /home/nman/owl_project_ws/install/my_robot_bringup/share/my_robot_bringup/local_setup.zsh
[0.657s] -- Installing: /home/nman/owl_project_ws/install/my_robot_bringup/share/my_robot_bringup/local_setup.dsv
[0.657s] -- Installing: /home/nman/owl_project_ws/install/my_robot_bringup/share/my_robot_bringup/package.dsv
[0.658s] -- Installing: /home/nman/owl_project_ws/install/my_robot_bringup/share/ament_index/resource_index/packages/my_robot_bringup
[0.658s] -- Installing: /home/nman/owl_project_ws/install/my_robot_bringup/share/my_robot_bringup/cmake/my_robot_bringupConfig.cmake
[0.658s] -- Installing: /home/nman/owl_project_ws/install/my_robot_bringup/share/my_robot_bringup/cmake/my_robot_bringupConfig-version.cmake
[0.658s] -- Installing: /home/nman/owl_project_ws/install/my_robot_bringup/share/my_robot_bringup/package.xml
[0.685s] Invoked command in '/home/nman/owl_project_ws/build/my_robot_bringup' returned '0': CMAKE_PREFIX_PATH=/opt/ros/humble /usr/bin/cmake --install /home/nman/owl_project_ws/build/my_robot_bringup
