running egg_info
creating ../../build/my_robot_sdk/my_robot_sdk.egg-info
writing ../../build/my_robot_sdk/my_robot_sdk.egg-info/PKG-INFO
writing dependency_links to ../../build/my_robot_sdk/my_robot_sdk.egg-info/dependency_links.txt
writing entry points to ../../build/my_robot_sdk/my_robot_sdk.egg-info/entry_points.txt
writing requirements to ../../build/my_robot_sdk/my_robot_sdk.egg-info/requires.txt
writing top-level names to ../../build/my_robot_sdk/my_robot_sdk.egg-info/top_level.txt
writing manifest file '../../build/my_robot_sdk/my_robot_sdk.egg-info/SOURCES.txt'
reading manifest file '../../build/my_robot_sdk/my_robot_sdk.egg-info/SOURCES.txt'
writing manifest file '../../build/my_robot_sdk/my_robot_sdk.egg-info/SOURCES.txt'
running build
running build_py
creating /home/nman/owl_project_ws/build/my_robot_sdk/build
creating /home/nman/owl_project_ws/build/my_robot_sdk/build/lib
creating /home/nman/owl_project_ws/build/my_robot_sdk/build/lib/my_robot_sdk
copying my_robot_sdk/__init__.py -> /home/nman/owl_project_ws/build/my_robot_sdk/build/lib/my_robot_sdk
running install
running install_lib
creating /home/nman/owl_project_ws/install/my_robot_sdk/lib/python3.10/site-packages/my_robot_sdk
copying /home/nman/owl_project_ws/build/my_robot_sdk/build/lib/my_robot_sdk/__init__.py -> /home/nman/owl_project_ws/install/my_robot_sdk/lib/python3.10/site-packages/my_robot_sdk
byte-compiling /home/nman/owl_project_ws/install/my_robot_sdk/lib/python3.10/site-packages/my_robot_sdk/__init__.py to __init__.cpython-310.pyc
running install_data
creating /home/nman/owl_project_ws/install/my_robot_sdk/share/ament_index
creating /home/nman/owl_project_ws/install/my_robot_sdk/share/ament_index/resource_index
creating /home/nman/owl_project_ws/install/my_robot_sdk/share/ament_index/resource_index/packages
copying resource/my_robot_sdk -> /home/nman/owl_project_ws/install/my_robot_sdk/share/ament_index/resource_index/packages
copying package.xml -> /home/nman/owl_project_ws/install/my_robot_sdk/share/my_robot_sdk
running install_egg_info
Copying ../../build/my_robot_sdk/my_robot_sdk.egg-info to /home/nman/owl_project_ws/install/my_robot_sdk/lib/python3.10/site-packages/my_robot_sdk-0.0.0-py3.10.egg-info
running install_scripts
writing list of installed files to '/home/nman/owl_project_ws/build/my_robot_sdk/install.log'
