[0.556s] Invoking command in '/home/nman/owl_project_ws/src/my_robot_sdk': PYTHONPATH=/home/nman/owl_project_ws/build/my_robot_sdk/prefix_override:/usr/lib/python3/dist-packages/colcon_core/task/python/colcon_distutils_commands:/home/nman/owl_project_ws/install/my_robot_sdk/lib/python3.10/site-packages:${PYTHONPATH} /usr/bin/python3 -W ignore:setup.py install is deprecated -W ignore:easy_install command is deprecated setup.py egg_info --egg-base ../../build/my_robot_sdk build --build-base /home/nman/owl_project_ws/build/my_robot_sdk/build install --record /home/nman/owl_project_ws/build/my_robot_sdk/install.log --single-version-externally-managed install_data
[0.715s] running egg_info
[0.716s] creating ../../build/my_robot_sdk/my_robot_sdk.egg-info
[0.716s] writing ../../build/my_robot_sdk/my_robot_sdk.egg-info/PKG-INFO
[0.716s] writing dependency_links to ../../build/my_robot_sdk/my_robot_sdk.egg-info/dependency_links.txt
[0.716s] writing entry points to ../../build/my_robot_sdk/my_robot_sdk.egg-info/entry_points.txt
[0.716s] writing requirements to ../../build/my_robot_sdk/my_robot_sdk.egg-info/requires.txt
[0.716s] writing top-level names to ../../build/my_robot_sdk/my_robot_sdk.egg-info/top_level.txt
[0.716s] writing manifest file '../../build/my_robot_sdk/my_robot_sdk.egg-info/SOURCES.txt'
[0.717s] reading manifest file '../../build/my_robot_sdk/my_robot_sdk.egg-info/SOURCES.txt'
[0.718s] writing manifest file '../../build/my_robot_sdk/my_robot_sdk.egg-info/SOURCES.txt'
[0.718s] running build
[0.718s] running build_py
[0.718s] creating /home/nman/owl_project_ws/build/my_robot_sdk/build
[0.718s] creating /home/nman/owl_project_ws/build/my_robot_sdk/build/lib
[0.718s] creating /home/nman/owl_project_ws/build/my_robot_sdk/build/lib/my_robot_sdk
[0.718s] copying my_robot_sdk/__init__.py -> /home/nman/owl_project_ws/build/my_robot_sdk/build/lib/my_robot_sdk
[0.718s] running install
[0.718s] running install_lib
[0.719s] creating /home/nman/owl_project_ws/install/my_robot_sdk/lib/python3.10/site-packages/my_robot_sdk
[0.719s] copying /home/nman/owl_project_ws/build/my_robot_sdk/build/lib/my_robot_sdk/__init__.py -> /home/nman/owl_project_ws/install/my_robot_sdk/lib/python3.10/site-packages/my_robot_sdk
[0.719s] byte-compiling /home/nman/owl_project_ws/install/my_robot_sdk/lib/python3.10/site-packages/my_robot_sdk/__init__.py to __init__.cpython-310.pyc
[0.719s] running install_data
[0.719s] creating /home/nman/owl_project_ws/install/my_robot_sdk/share/ament_index
[0.719s] creating /home/nman/owl_project_ws/install/my_robot_sdk/share/ament_index/resource_index
[0.719s] creating /home/nman/owl_project_ws/install/my_robot_sdk/share/ament_index/resource_index/packages
[0.719s] copying resource/my_robot_sdk -> /home/nman/owl_project_ws/install/my_robot_sdk/share/ament_index/resource_index/packages
[0.719s] copying package.xml -> /home/nman/owl_project_ws/install/my_robot_sdk/share/my_robot_sdk
[0.719s] running install_egg_info
[0.720s] Copying ../../build/my_robot_sdk/my_robot_sdk.egg-info to /home/nman/owl_project_ws/install/my_robot_sdk/lib/python3.10/site-packages/my_robot_sdk-0.0.0-py3.10.egg-info
[0.720s] running install_scripts
[0.731s] writing list of installed files to '/home/nman/owl_project_ws/build/my_robot_sdk/install.log'
[0.742s] Invoked command in '/home/nman/owl_project_ws/src/my_robot_sdk' returned '0': PYTHONPATH=/home/nman/owl_project_ws/build/my_robot_sdk/prefix_override:/usr/lib/python3/dist-packages/colcon_core/task/python/colcon_distutils_commands:/home/nman/owl_project_ws/install/my_robot_sdk/lib/python3.10/site-packages:${PYTHONPATH} /usr/bin/python3 -W ignore:setup.py install is deprecated -W ignore:easy_install command is deprecated setup.py egg_info --egg-base ../../build/my_robot_sdk build --build-base /home/nman/owl_project_ws/build/my_robot_sdk/build install --record /home/nman/owl_project_ws/build/my_robot_sdk/install.log --single-version-externally-managed install_data
