[0.052s] DEBUG:colcon:Command line arguments: ['/usr/bin/colcon', 'build']
[0.052s] DEBUG:colcon:Parsed command line arguments: Namespace(log_base=None, log_level=None, verb_name='build', build_base='build', install_base='install', merge_install=False, symlink_install=False, test_result_base=None, continue_on_error=False, executor='parallel', parallel_workers=24, event_handlers=None, ignore_user_meta=False, metas=['./colcon.meta'], base_paths=['.'], packages_ignore=None, packages_ignore_regex=None, paths=None, packages_up_to=None, packages_up_to_regex=None, packages_above=None, packages_above_and_dependencies=None, packages_above_depth=None, packages_select_by_dep=None, packages_skip_by_dep=None, packages_skip_up_to=None, packages_select_build_failed=False, packages_skip_build_finished=False, packages_select_test_failures=False, packages_skip_test_passed=False, packages_select=None, packages_skip=None, packages_select_regex=None, packages_skip_regex=None, packages_start=None, packages_end=None, allow_overriding=[], cmake_args=None, cmake_target=None, cmake_target_skip_unavailable=False, cmake_clean_cache=False, cmake_clean_first=False, cmake_force_configure=False, ament_cmake_args=None, catkin_cmake_args=None, catkin_skip_building_tests=False, verb_parser=<colcon_defaults.argument_parser.defaults.DefaultArgumentsDecorator object at 0x72c3f3831480>, verb_extension=<colcon_core.verb.build.BuildVerb object at 0x72c3f3830f40>, main=<bound method BuildVerb.main of <colcon_core.verb.build.BuildVerb object at 0x72c3f3830f40>>)
[0.182s] Level 1:colcon.colcon_core.package_discovery:discover_packages(colcon_meta) check parameters
[0.183s] Level 1:colcon.colcon_core.package_discovery:discover_packages(recursive) check parameters
[0.183s] Level 1:colcon.colcon_core.package_discovery:discover_packages(ignore) check parameters
[0.183s] Level 1:colcon.colcon_core.package_discovery:discover_packages(path) check parameters
[0.183s] Level 1:colcon.colcon_core.package_discovery:discover_packages(colcon_meta) discover
[0.183s] Level 1:colcon.colcon_core.package_discovery:discover_packages(recursive) discover
[0.183s] INFO:colcon.colcon_core.package_discovery:Crawling recursively for packages in '/home/nman/owl_project_ws'
[0.183s] Level 1:colcon.colcon_core.package_identification:_identify(.) by extensions ['ignore', 'ignore_ament_install']
[0.183s] Level 1:colcon.colcon_core.package_identification:_identify(.) by extension 'ignore'
[0.183s] Level 1:colcon.colcon_core.package_identification:_identify(.) by extension 'ignore_ament_install'
[0.183s] Level 1:colcon.colcon_core.package_identification:_identify(.) by extensions ['colcon_pkg']
[0.183s] Level 1:colcon.colcon_core.package_identification:_identify(.) by extension 'colcon_pkg'
[0.183s] Level 1:colcon.colcon_core.package_identification:_identify(.) by extensions ['colcon_meta']
[0.183s] Level 1:colcon.colcon_core.package_identification:_identify(.) by extension 'colcon_meta'
[0.183s] Level 1:colcon.colcon_core.package_identification:_identify(.) by extensions ['ros']
[0.183s] Level 1:colcon.colcon_core.package_identification:_identify(.) by extension 'ros'
[0.191s] Level 1:colcon.colcon_core.package_identification:_identify(.) by extensions ['cmake', 'python']
[0.191s] Level 1:colcon.colcon_core.package_identification:_identify(.) by extension 'cmake'
[0.191s] Level 1:colcon.colcon_core.package_identification:_identify(.) by extension 'python'
[0.191s] Level 1:colcon.colcon_core.package_identification:_identify(.) by extensions ['python_setup_py']
[0.191s] Level 1:colcon.colcon_core.package_identification:_identify(.) by extension 'python_setup_py'
[0.191s] Level 1:colcon.colcon_core.package_identification:_identify(build) by extensions ['ignore', 'ignore_ament_install']
[0.191s] Level 1:colcon.colcon_core.package_identification:_identify(build) by extension 'ignore'
[0.191s] Level 1:colcon.colcon_core.package_identification:_identify(build) ignored
[0.191s] Level 1:colcon.colcon_core.package_identification:_identify(install) by extensions ['ignore', 'ignore_ament_install']
[0.191s] Level 1:colcon.colcon_core.package_identification:_identify(install) by extension 'ignore'
[0.191s] Level 1:colcon.colcon_core.package_identification:_identify(install) ignored
[0.191s] Level 1:colcon.colcon_core.package_identification:_identify(log) by extensions ['ignore', 'ignore_ament_install']
[0.191s] Level 1:colcon.colcon_core.package_identification:_identify(log) by extension 'ignore'
[0.191s] Level 1:colcon.colcon_core.package_identification:_identify(log) ignored
[0.191s] Level 1:colcon.colcon_core.package_identification:_identify(src) by extensions ['ignore', 'ignore_ament_install']
[0.191s] Level 1:colcon.colcon_core.package_identification:_identify(src) by extension 'ignore'
[0.192s] Level 1:colcon.colcon_core.package_identification:_identify(src) by extension 'ignore_ament_install'
[0.192s] Level 1:colcon.colcon_core.package_identification:_identify(src) by extensions ['colcon_pkg']
[0.192s] Level 1:colcon.colcon_core.package_identification:_identify(src) by extension 'colcon_pkg'
[0.192s] Level 1:colcon.colcon_core.package_identification:_identify(src) by extensions ['colcon_meta']
[0.192s] Level 1:colcon.colcon_core.package_identification:_identify(src) by extension 'colcon_meta'
[0.192s] Level 1:colcon.colcon_core.package_identification:_identify(src) by extensions ['ros']
[0.192s] Level 1:colcon.colcon_core.package_identification:_identify(src) by extension 'ros'
[0.192s] Level 1:colcon.colcon_core.package_identification:_identify(src) by extensions ['cmake', 'python']
[0.192s] Level 1:colcon.colcon_core.package_identification:_identify(src) by extension 'cmake'
[0.192s] Level 1:colcon.colcon_core.package_identification:_identify(src) by extension 'python'
[0.192s] Level 1:colcon.colcon_core.package_identification:_identify(src) by extensions ['python_setup_py']
[0.192s] Level 1:colcon.colcon_core.package_identification:_identify(src) by extension 'python_setup_py'
[0.192s] Level 1:colcon.colcon_core.package_identification:_identify(src/my_robot_bringup) by extensions ['ignore', 'ignore_ament_install']
[0.192s] Level 1:colcon.colcon_core.package_identification:_identify(src/my_robot_bringup) by extension 'ignore'
[0.192s] Level 1:colcon.colcon_core.package_identification:_identify(src/my_robot_bringup) by extension 'ignore_ament_install'
[0.192s] Level 1:colcon.colcon_core.package_identification:_identify(src/my_robot_bringup) by extensions ['colcon_pkg']
[0.192s] Level 1:colcon.colcon_core.package_identification:_identify(src/my_robot_bringup) by extension 'colcon_pkg'
[0.192s] Level 1:colcon.colcon_core.package_identification:_identify(src/my_robot_bringup) by extensions ['colcon_meta']
[0.192s] Level 1:colcon.colcon_core.package_identification:_identify(src/my_robot_bringup) by extension 'colcon_meta'
[0.192s] Level 1:colcon.colcon_core.package_identification:_identify(src/my_robot_bringup) by extensions ['ros']
[0.192s] Level 1:colcon.colcon_core.package_identification:_identify(src/my_robot_bringup) by extension 'ros'
[0.194s] DEBUG:colcon.colcon_core.package_identification:Package 'src/my_robot_bringup' with type 'ros.ament_cmake' and name 'my_robot_bringup'
[0.194s] Level 1:colcon.colcon_core.package_identification:_identify(src/my_robot_description) by extensions ['ignore', 'ignore_ament_install']
[0.194s] Level 1:colcon.colcon_core.package_identification:_identify(src/my_robot_description) by extension 'ignore'
[0.194s] Level 1:colcon.colcon_core.package_identification:_identify(src/my_robot_description) by extension 'ignore_ament_install'
[0.194s] Level 1:colcon.colcon_core.package_identification:_identify(src/my_robot_description) by extensions ['colcon_pkg']
[0.194s] Level 1:colcon.colcon_core.package_identification:_identify(src/my_robot_description) by extension 'colcon_pkg'
[0.194s] Level 1:colcon.colcon_core.package_identification:_identify(src/my_robot_description) by extensions ['colcon_meta']
[0.194s] Level 1:colcon.colcon_core.package_identification:_identify(src/my_robot_description) by extension 'colcon_meta'
[0.194s] Level 1:colcon.colcon_core.package_identification:_identify(src/my_robot_description) by extensions ['ros']
[0.195s] Level 1:colcon.colcon_core.package_identification:_identify(src/my_robot_description) by extension 'ros'
[0.195s] DEBUG:colcon.colcon_core.package_identification:Package 'src/my_robot_description' with type 'ros.ament_cmake' and name 'my_robot_description'
[0.195s] Level 1:colcon.colcon_core.package_identification:_identify(src/my_robot_gazebo) by extensions ['ignore', 'ignore_ament_install']
[0.195s] Level 1:colcon.colcon_core.package_identification:_identify(src/my_robot_gazebo) by extension 'ignore'
[0.195s] Level 1:colcon.colcon_core.package_identification:_identify(src/my_robot_gazebo) by extension 'ignore_ament_install'
[0.195s] Level 1:colcon.colcon_core.package_identification:_identify(src/my_robot_gazebo) by extensions ['colcon_pkg']
[0.195s] Level 1:colcon.colcon_core.package_identification:_identify(src/my_robot_gazebo) by extension 'colcon_pkg'
[0.195s] Level 1:colcon.colcon_core.package_identification:_identify(src/my_robot_gazebo) by extensions ['colcon_meta']
[0.195s] Level 1:colcon.colcon_core.package_identification:_identify(src/my_robot_gazebo) by extension 'colcon_meta'
[0.195s] Level 1:colcon.colcon_core.package_identification:_identify(src/my_robot_gazebo) by extensions ['ros']
[0.195s] Level 1:colcon.colcon_core.package_identification:_identify(src/my_robot_gazebo) by extension 'ros'
[0.195s] DEBUG:colcon.colcon_core.package_identification:Package 'src/my_robot_gazebo' with type 'ros.ament_cmake' and name 'my_robot_gazebo'
[0.195s] Level 1:colcon.colcon_core.package_identification:_identify(src/my_robot_moveit_config) by extensions ['ignore', 'ignore_ament_install']
[0.196s] Level 1:colcon.colcon_core.package_identification:_identify(src/my_robot_moveit_config) by extension 'ignore'
[0.196s] Level 1:colcon.colcon_core.package_identification:_identify(src/my_robot_moveit_config) by extension 'ignore_ament_install'
[0.196s] Level 1:colcon.colcon_core.package_identification:_identify(src/my_robot_moveit_config) by extensions ['colcon_pkg']
[0.196s] Level 1:colcon.colcon_core.package_identification:_identify(src/my_robot_moveit_config) by extension 'colcon_pkg'
[0.196s] Level 1:colcon.colcon_core.package_identification:_identify(src/my_robot_moveit_config) by extensions ['colcon_meta']
[0.196s] Level 1:colcon.colcon_core.package_identification:_identify(src/my_robot_moveit_config) by extension 'colcon_meta'
[0.196s] Level 1:colcon.colcon_core.package_identification:_identify(src/my_robot_moveit_config) by extensions ['ros']
[0.196s] Level 1:colcon.colcon_core.package_identification:_identify(src/my_robot_moveit_config) by extension 'ros'
[0.196s] DEBUG:colcon.colcon_core.package_identification:Package 'src/my_robot_moveit_config' with type 'ros.ament_cmake' and name 'my_robot_moveit_config'
[0.196s] Level 1:colcon.colcon_core.package_identification:_identify(src/my_robot_sdk) by extensions ['ignore', 'ignore_ament_install']
[0.196s] Level 1:colcon.colcon_core.package_identification:_identify(src/my_robot_sdk) by extension 'ignore'
[0.196s] Level 1:colcon.colcon_core.package_identification:_identify(src/my_robot_sdk) by extension 'ignore_ament_install'
[0.196s] Level 1:colcon.colcon_core.package_identification:_identify(src/my_robot_sdk) by extensions ['colcon_pkg']
[0.196s] Level 1:colcon.colcon_core.package_identification:_identify(src/my_robot_sdk) by extension 'colcon_pkg'
[0.196s] Level 1:colcon.colcon_core.package_identification:_identify(src/my_robot_sdk) by extensions ['colcon_meta']
[0.196s] Level 1:colcon.colcon_core.package_identification:_identify(src/my_robot_sdk) by extension 'colcon_meta'
[0.196s] Level 1:colcon.colcon_core.package_identification:_identify(src/my_robot_sdk) by extensions ['ros']
[0.196s] Level 1:colcon.colcon_core.package_identification:_identify(src/my_robot_sdk) by extension 'ros'
[0.197s] DEBUG:colcon.colcon_core.package_identification:Package 'src/my_robot_sdk' with type 'ros.ament_python' and name 'my_robot_sdk'
[0.197s] Level 1:colcon.colcon_core.package_discovery:discover_packages(recursive) using defaults
[0.197s] Level 1:colcon.colcon_core.package_discovery:discover_packages(ignore) discover
[0.197s] Level 1:colcon.colcon_core.package_discovery:discover_packages(ignore) using defaults
[0.197s] Level 1:colcon.colcon_core.package_discovery:discover_packages(path) discover
[0.197s] Level 1:colcon.colcon_core.package_discovery:discover_packages(path) using defaults
[0.216s] Level 1:colcon.colcon_core.package_discovery:discover_packages(prefix_path) check parameters
[0.216s] Level 1:colcon.colcon_core.package_discovery:discover_packages(prefix_path) discover
[0.217s] DEBUG:colcon.colcon_installed_package_information.package_discovery:Found 0 installed packages in /home/nman/owl_project_ws/install
[0.218s] DEBUG:colcon.colcon_installed_package_information.package_discovery:Found 447 installed packages in /opt/ros/humble
[0.220s] Level 1:colcon.colcon_core.package_discovery:discover_packages(prefix_path) using defaults
[0.249s] Level 5:colcon.colcon_core.verb:set package 'my_robot_bringup' build argument 'cmake_args' from command line to 'None'
[0.249s] Level 5:colcon.colcon_core.verb:set package 'my_robot_bringup' build argument 'cmake_target' from command line to 'None'
[0.249s] Level 5:colcon.colcon_core.verb:set package 'my_robot_bringup' build argument 'cmake_target_skip_unavailable' from command line to 'False'
[0.249s] Level 5:colcon.colcon_core.verb:set package 'my_robot_bringup' build argument 'cmake_clean_cache' from command line to 'False'
[0.249s] Level 5:colcon.colcon_core.verb:set package 'my_robot_bringup' build argument 'cmake_clean_first' from command line to 'False'
[0.249s] Level 5:colcon.colcon_core.verb:set package 'my_robot_bringup' build argument 'cmake_force_configure' from command line to 'False'
[0.249s] Level 5:colcon.colcon_core.verb:set package 'my_robot_bringup' build argument 'ament_cmake_args' from command line to 'None'
[0.249s] Level 5:colcon.colcon_core.verb:set package 'my_robot_bringup' build argument 'catkin_cmake_args' from command line to 'None'
[0.249s] Level 5:colcon.colcon_core.verb:set package 'my_robot_bringup' build argument 'catkin_skip_building_tests' from command line to 'False'
[0.249s] DEBUG:colcon.colcon_core.verb:Building package 'my_robot_bringup' with the following arguments: {'ament_cmake_args': None, 'build_base': '/home/nman/owl_project_ws/build/my_robot_bringup', 'catkin_cmake_args': None, 'catkin_skip_building_tests': False, 'cmake_args': None, 'cmake_clean_cache': False, 'cmake_clean_first': False, 'cmake_force_configure': False, 'cmake_target': None, 'cmake_target_skip_unavailable': False, 'install_base': '/home/nman/owl_project_ws/install/my_robot_bringup', 'merge_install': False, 'path': '/home/nman/owl_project_ws/src/my_robot_bringup', 'symlink_install': False, 'test_result_base': None}
[0.249s] Level 5:colcon.colcon_core.verb:set package 'my_robot_description' build argument 'cmake_args' from command line to 'None'
[0.249s] Level 5:colcon.colcon_core.verb:set package 'my_robot_description' build argument 'cmake_target' from command line to 'None'
[0.249s] Level 5:colcon.colcon_core.verb:set package 'my_robot_description' build argument 'cmake_target_skip_unavailable' from command line to 'False'
[0.249s] Level 5:colcon.colcon_core.verb:set package 'my_robot_description' build argument 'cmake_clean_cache' from command line to 'False'
[0.249s] Level 5:colcon.colcon_core.verb:set package 'my_robot_description' build argument 'cmake_clean_first' from command line to 'False'
[0.249s] Level 5:colcon.colcon_core.verb:set package 'my_robot_description' build argument 'cmake_force_configure' from command line to 'False'
[0.249s] Level 5:colcon.colcon_core.verb:set package 'my_robot_description' build argument 'ament_cmake_args' from command line to 'None'
[0.249s] Level 5:colcon.colcon_core.verb:set package 'my_robot_description' build argument 'catkin_cmake_args' from command line to 'None'
[0.249s] Level 5:colcon.colcon_core.verb:set package 'my_robot_description' build argument 'catkin_skip_building_tests' from command line to 'False'
[0.249s] DEBUG:colcon.colcon_core.verb:Building package 'my_robot_description' with the following arguments: {'ament_cmake_args': None, 'build_base': '/home/nman/owl_project_ws/build/my_robot_description', 'catkin_cmake_args': None, 'catkin_skip_building_tests': False, 'cmake_args': None, 'cmake_clean_cache': False, 'cmake_clean_first': False, 'cmake_force_configure': False, 'cmake_target': None, 'cmake_target_skip_unavailable': False, 'install_base': '/home/nman/owl_project_ws/install/my_robot_description', 'merge_install': False, 'path': '/home/nman/owl_project_ws/src/my_robot_description', 'symlink_install': False, 'test_result_base': None}
[0.250s] Level 5:colcon.colcon_core.verb:set package 'my_robot_gazebo' build argument 'cmake_args' from command line to 'None'
[0.250s] Level 5:colcon.colcon_core.verb:set package 'my_robot_gazebo' build argument 'cmake_target' from command line to 'None'
[0.250s] Level 5:colcon.colcon_core.verb:set package 'my_robot_gazebo' build argument 'cmake_target_skip_unavailable' from command line to 'False'
[0.250s] Level 5:colcon.colcon_core.verb:set package 'my_robot_gazebo' build argument 'cmake_clean_cache' from command line to 'False'
[0.250s] Level 5:colcon.colcon_core.verb:set package 'my_robot_gazebo' build argument 'cmake_clean_first' from command line to 'False'
[0.250s] Level 5:colcon.colcon_core.verb:set package 'my_robot_gazebo' build argument 'cmake_force_configure' from command line to 'False'
[0.250s] Level 5:colcon.colcon_core.verb:set package 'my_robot_gazebo' build argument 'ament_cmake_args' from command line to 'None'
[0.250s] Level 5:colcon.colcon_core.verb:set package 'my_robot_gazebo' build argument 'catkin_cmake_args' from command line to 'None'
[0.250s] Level 5:colcon.colcon_core.verb:set package 'my_robot_gazebo' build argument 'catkin_skip_building_tests' from command line to 'False'
[0.250s] DEBUG:colcon.colcon_core.verb:Building package 'my_robot_gazebo' with the following arguments: {'ament_cmake_args': None, 'build_base': '/home/nman/owl_project_ws/build/my_robot_gazebo', 'catkin_cmake_args': None, 'catkin_skip_building_tests': False, 'cmake_args': None, 'cmake_clean_cache': False, 'cmake_clean_first': False, 'cmake_force_configure': False, 'cmake_target': None, 'cmake_target_skip_unavailable': False, 'install_base': '/home/nman/owl_project_ws/install/my_robot_gazebo', 'merge_install': False, 'path': '/home/nman/owl_project_ws/src/my_robot_gazebo', 'symlink_install': False, 'test_result_base': None}
[0.250s] Level 5:colcon.colcon_core.verb:set package 'my_robot_moveit_config' build argument 'cmake_args' from command line to 'None'
[0.250s] Level 5:colcon.colcon_core.verb:set package 'my_robot_moveit_config' build argument 'cmake_target' from command line to 'None'
[0.250s] Level 5:colcon.colcon_core.verb:set package 'my_robot_moveit_config' build argument 'cmake_target_skip_unavailable' from command line to 'False'
[0.250s] Level 5:colcon.colcon_core.verb:set package 'my_robot_moveit_config' build argument 'cmake_clean_cache' from command line to 'False'
[0.250s] Level 5:colcon.colcon_core.verb:set package 'my_robot_moveit_config' build argument 'cmake_clean_first' from command line to 'False'
[0.250s] Level 5:colcon.colcon_core.verb:set package 'my_robot_moveit_config' build argument 'cmake_force_configure' from command line to 'False'
[0.250s] Level 5:colcon.colcon_core.verb:set package 'my_robot_moveit_config' build argument 'ament_cmake_args' from command line to 'None'
[0.250s] Level 5:colcon.colcon_core.verb:set package 'my_robot_moveit_config' build argument 'catkin_cmake_args' from command line to 'None'
[0.250s] Level 5:colcon.colcon_core.verb:set package 'my_robot_moveit_config' build argument 'catkin_skip_building_tests' from command line to 'False'
[0.250s] DEBUG:colcon.colcon_core.verb:Building package 'my_robot_moveit_config' with the following arguments: {'ament_cmake_args': None, 'build_base': '/home/nman/owl_project_ws/build/my_robot_moveit_config', 'catkin_cmake_args': None, 'catkin_skip_building_tests': False, 'cmake_args': None, 'cmake_clean_cache': False, 'cmake_clean_first': False, 'cmake_force_configure': False, 'cmake_target': None, 'cmake_target_skip_unavailable': False, 'install_base': '/home/nman/owl_project_ws/install/my_robot_moveit_config', 'merge_install': False, 'path': '/home/nman/owl_project_ws/src/my_robot_moveit_config', 'symlink_install': False, 'test_result_base': None}
[0.250s] Level 5:colcon.colcon_core.verb:set package 'my_robot_sdk' build argument 'cmake_args' from command line to 'None'
[0.250s] Level 5:colcon.colcon_core.verb:set package 'my_robot_sdk' build argument 'cmake_target' from command line to 'None'
[0.250s] Level 5:colcon.colcon_core.verb:set package 'my_robot_sdk' build argument 'cmake_target_skip_unavailable' from command line to 'False'
[0.250s] Level 5:colcon.colcon_core.verb:set package 'my_robot_sdk' build argument 'cmake_clean_cache' from command line to 'False'
[0.250s] Level 5:colcon.colcon_core.verb:set package 'my_robot_sdk' build argument 'cmake_clean_first' from command line to 'False'
[0.250s] Level 5:colcon.colcon_core.verb:set package 'my_robot_sdk' build argument 'cmake_force_configure' from command line to 'False'
[0.250s] Level 5:colcon.colcon_core.verb:set package 'my_robot_sdk' build argument 'ament_cmake_args' from command line to 'None'
[0.250s] Level 5:colcon.colcon_core.verb:set package 'my_robot_sdk' build argument 'catkin_cmake_args' from command line to 'None'
[0.250s] Level 5:colcon.colcon_core.verb:set package 'my_robot_sdk' build argument 'catkin_skip_building_tests' from command line to 'False'
[0.250s] DEBUG:colcon.colcon_core.verb:Building package 'my_robot_sdk' with the following arguments: {'ament_cmake_args': None, 'build_base': '/home/nman/owl_project_ws/build/my_robot_sdk', 'catkin_cmake_args': None, 'catkin_skip_building_tests': False, 'cmake_args': None, 'cmake_clean_cache': False, 'cmake_clean_first': False, 'cmake_force_configure': False, 'cmake_target': None, 'cmake_target_skip_unavailable': False, 'install_base': '/home/nman/owl_project_ws/install/my_robot_sdk', 'merge_install': False, 'path': '/home/nman/owl_project_ws/src/my_robot_sdk', 'symlink_install': False, 'test_result_base': None}
[0.250s] INFO:colcon.colcon_core.executor:Executing jobs using 'parallel' executor
[0.251s] DEBUG:colcon.colcon_parallel_executor.executor.parallel:run_until_complete
[0.251s] INFO:colcon.colcon_ros.task.ament_cmake.build:Building ROS package in '/home/nman/owl_project_ws/src/my_robot_bringup' with build type 'ament_cmake'
[0.251s] INFO:colcon.colcon_cmake.task.cmake.build:Building CMake package in '/home/nman/owl_project_ws/src/my_robot_bringup'
[0.252s] INFO:colcon.colcon_core.plugin_system:Skipping extension 'colcon_core.shell.bat': Not used on non-Windows systems
[0.252s] INFO:colcon.colcon_core.shell:Skip shell extension 'powershell' for command environment: Not usable outside of PowerShell
[0.252s] DEBUG:colcon.colcon_core.shell:Skip shell extension 'dsv' for command environment
[0.255s] INFO:colcon.colcon_ros.task.ament_cmake.build:Building ROS package in '/home/nman/owl_project_ws/src/my_robot_description' with build type 'ament_cmake'
[0.255s] INFO:colcon.colcon_cmake.task.cmake.build:Building CMake package in '/home/nman/owl_project_ws/src/my_robot_description'
[0.255s] INFO:colcon.colcon_core.shell:Skip shell extension 'powershell' for command environment: Not usable outside of PowerShell
[0.255s] DEBUG:colcon.colcon_core.shell:Skip shell extension 'dsv' for command environment
[0.257s] INFO:colcon.colcon_ros.task.ament_cmake.build:Building ROS package in '/home/nman/owl_project_ws/src/my_robot_gazebo' with build type 'ament_cmake'
[0.257s] INFO:colcon.colcon_cmake.task.cmake.build:Building CMake package in '/home/nman/owl_project_ws/src/my_robot_gazebo'
[0.257s] INFO:colcon.colcon_core.shell:Skip shell extension 'powershell' for command environment: Not usable outside of PowerShell
[0.257s] DEBUG:colcon.colcon_core.shell:Skip shell extension 'dsv' for command environment
[0.259s] INFO:colcon.colcon_ros.task.ament_cmake.build:Building ROS package in '/home/nman/owl_project_ws/src/my_robot_moveit_config' with build type 'ament_cmake'
[0.259s] INFO:colcon.colcon_cmake.task.cmake.build:Building CMake package in '/home/nman/owl_project_ws/src/my_robot_moveit_config'
[0.260s] INFO:colcon.colcon_core.shell:Skip shell extension 'powershell' for command environment: Not usable outside of PowerShell
[0.260s] DEBUG:colcon.colcon_core.shell:Skip shell extension 'dsv' for command environment
[0.262s] INFO:colcon.colcon_ros.task.ament_python.build:Building ROS package in '/home/nman/owl_project_ws/src/my_robot_sdk' with build type 'ament_python'
[0.262s] Level 1:colcon.colcon_core.shell:create_environment_hook('my_robot_sdk', 'ament_prefix_path')
[0.263s] INFO:colcon.colcon_core.shell:Creating environment hook '/home/nman/owl_project_ws/install/my_robot_sdk/share/my_robot_sdk/hook/ament_prefix_path.ps1'
[0.264s] INFO:colcon.colcon_core.shell:Creating environment descriptor '/home/nman/owl_project_ws/install/my_robot_sdk/share/my_robot_sdk/hook/ament_prefix_path.dsv'
[0.264s] INFO:colcon.colcon_core.shell:Creating environment hook '/home/nman/owl_project_ws/install/my_robot_sdk/share/my_robot_sdk/hook/ament_prefix_path.sh'
[0.264s] INFO:colcon.colcon_core.shell:Skip shell extension 'powershell' for command environment: Not usable outside of PowerShell
[0.265s] DEBUG:colcon.colcon_core.shell:Skip shell extension 'dsv' for command environment
[0.269s] DEBUG:colcon.colcon_core.event_handler.log_command:Invoking command in '/home/nman/owl_project_ws/build/my_robot_bringup': CMAKE_PREFIX_PATH=/opt/ros/humble /usr/bin/cmake /home/nman/owl_project_ws/src/my_robot_bringup -DCMAKE_INSTALL_PREFIX=/home/nman/owl_project_ws/install/my_robot_bringup
[0.271s] DEBUG:colcon.colcon_core.event_handler.log_command:Invoking command in '/home/nman/owl_project_ws/build/my_robot_description': CMAKE_PREFIX_PATH=/opt/ros/humble /usr/bin/cmake /home/nman/owl_project_ws/src/my_robot_description -DCMAKE_INSTALL_PREFIX=/home/nman/owl_project_ws/install/my_robot_description
[0.273s] DEBUG:colcon.colcon_core.event_handler.log_command:Invoking command in '/home/nman/owl_project_ws/build/my_robot_gazebo': CMAKE_PREFIX_PATH=/opt/ros/humble /usr/bin/cmake /home/nman/owl_project_ws/src/my_robot_gazebo -DCMAKE_INSTALL_PREFIX=/home/nman/owl_project_ws/install/my_robot_gazebo
[0.274s] DEBUG:colcon.colcon_core.event_handler.log_command:Invoking command in '/home/nman/owl_project_ws/build/my_robot_moveit_config': CMAKE_PREFIX_PATH=/opt/ros/humble /usr/bin/cmake /home/nman/owl_project_ws/src/my_robot_moveit_config -DCMAKE_INSTALL_PREFIX=/home/nman/owl_project_ws/install/my_robot_moveit_config
[0.497s] INFO:colcon.colcon_core.task.python.build:Building Python package in '/home/nman/owl_project_ws/src/my_robot_sdk'
[0.497s] INFO:colcon.colcon_core.shell:Skip shell extension 'powershell' for command environment: Not usable outside of PowerShell
[0.497s] DEBUG:colcon.colcon_core.shell:Skip shell extension 'dsv' for command environment
[0.819s] DEBUG:colcon.colcon_core.event_handler.log_command:Invoking command in '/home/nman/owl_project_ws/src/my_robot_sdk': PYTHONPATH=/home/nman/owl_project_ws/build/my_robot_sdk/prefix_override:/usr/lib/python3/dist-packages/colcon_core/task/python/colcon_distutils_commands:/home/nman/owl_project_ws/install/my_robot_sdk/lib/python3.10/site-packages:${PYTHONPATH} /usr/bin/python3 -W ignore:setup.py install is deprecated -W ignore:easy_install command is deprecated setup.py egg_info --egg-base ../../build/my_robot_sdk build --build-base /home/nman/owl_project_ws/build/my_robot_sdk/build install --record /home/nman/owl_project_ws/build/my_robot_sdk/install.log --single-version-externally-managed install_data
[0.854s] DEBUG:colcon.colcon_core.event_handler.log_command:Invoked command in '/home/nman/owl_project_ws/build/my_robot_bringup' returned '0': CMAKE_PREFIX_PATH=/opt/ros/humble /usr/bin/cmake /home/nman/owl_project_ws/src/my_robot_bringup -DCMAKE_INSTALL_PREFIX=/home/nman/owl_project_ws/install/my_robot_bringup
[0.857s] DEBUG:colcon.colcon_core.event_handler.log_command:Invoking command in '/home/nman/owl_project_ws/build/my_robot_bringup': CMAKE_PREFIX_PATH=/opt/ros/humble /usr/bin/cmake --build /home/nman/owl_project_ws/build/my_robot_bringup -- -j24 -l24
[0.857s] DEBUG:colcon.colcon_core.event_handler.log_command:Invoked command in '/home/nman/owl_project_ws/build/my_robot_moveit_config' returned '0': CMAKE_PREFIX_PATH=/opt/ros/humble /usr/bin/cmake /home/nman/owl_project_ws/src/my_robot_moveit_config -DCMAKE_INSTALL_PREFIX=/home/nman/owl_project_ws/install/my_robot_moveit_config
[0.858s] DEBUG:colcon.colcon_core.event_handler.log_command:Invoking command in '/home/nman/owl_project_ws/build/my_robot_moveit_config': CMAKE_PREFIX_PATH=/opt/ros/humble /usr/bin/cmake --build /home/nman/owl_project_ws/build/my_robot_moveit_config -- -j24 -l24
[0.859s] DEBUG:colcon.colcon_core.event_handler.log_command:Invoked command in '/home/nman/owl_project_ws/build/my_robot_description' returned '0': CMAKE_PREFIX_PATH=/opt/ros/humble /usr/bin/cmake /home/nman/owl_project_ws/src/my_robot_description -DCMAKE_INSTALL_PREFIX=/home/nman/owl_project_ws/install/my_robot_description
[0.860s] DEBUG:colcon.colcon_core.event_handler.log_command:Invoking command in '/home/nman/owl_project_ws/build/my_robot_description': CMAKE_PREFIX_PATH=/opt/ros/humble /usr/bin/cmake --build /home/nman/owl_project_ws/build/my_robot_description -- -j24 -l24
[0.862s] DEBUG:colcon.colcon_core.event_handler.log_command:Invoked command in '/home/nman/owl_project_ws/build/my_robot_gazebo' returned '0': CMAKE_PREFIX_PATH=/opt/ros/humble /usr/bin/cmake /home/nman/owl_project_ws/src/my_robot_gazebo -DCMAKE_INSTALL_PREFIX=/home/nman/owl_project_ws/install/my_robot_gazebo
[0.863s] DEBUG:colcon.colcon_core.event_handler.log_command:Invoking command in '/home/nman/owl_project_ws/build/my_robot_gazebo': CMAKE_PREFIX_PATH=/opt/ros/humble /usr/bin/cmake --build /home/nman/owl_project_ws/build/my_robot_gazebo -- -j24 -l24
[0.890s] DEBUG:colcon.colcon_core.event_handler.log_command:Invoked command in '/home/nman/owl_project_ws/build/my_robot_moveit_config' returned '0': CMAKE_PREFIX_PATH=/opt/ros/humble /usr/bin/cmake --build /home/nman/owl_project_ws/build/my_robot_moveit_config -- -j24 -l24
[0.897s] DEBUG:colcon.colcon_core.event_handler.log_command:Invoking command in '/home/nman/owl_project_ws/build/my_robot_moveit_config': CMAKE_PREFIX_PATH=/opt/ros/humble /usr/bin/cmake --install /home/nman/owl_project_ws/build/my_robot_moveit_config
[0.899s] DEBUG:colcon.colcon_core.event_handler.log_command:Invoked command in '/home/nman/owl_project_ws/build/my_robot_bringup' returned '0': CMAKE_PREFIX_PATH=/opt/ros/humble /usr/bin/cmake --build /home/nman/owl_project_ws/build/my_robot_bringup -- -j24 -l24
[0.900s] DEBUG:colcon.colcon_core.event_handler.log_command:Invoking command in '/home/nman/owl_project_ws/build/my_robot_bringup': CMAKE_PREFIX_PATH=/opt/ros/humble /usr/bin/cmake --install /home/nman/owl_project_ws/build/my_robot_bringup
[0.901s] DEBUG:colcon.colcon_core.event_handler.log_command:Invoked command in '/home/nman/owl_project_ws/build/my_robot_gazebo' returned '0': CMAKE_PREFIX_PATH=/opt/ros/humble /usr/bin/cmake --build /home/nman/owl_project_ws/build/my_robot_gazebo -- -j24 -l24
[0.902s] DEBUG:colcon.colcon_core.event_handler.log_command:Invoking command in '/home/nman/owl_project_ws/build/my_robot_gazebo': CMAKE_PREFIX_PATH=/opt/ros/humble /usr/bin/cmake --install /home/nman/owl_project_ws/build/my_robot_gazebo
[0.903s] DEBUG:colcon.colcon_core.event_handler.log_command:Invoked command in '/home/nman/owl_project_ws/build/my_robot_description' returned '0': CMAKE_PREFIX_PATH=/opt/ros/humble /usr/bin/cmake --build /home/nman/owl_project_ws/build/my_robot_description -- -j24 -l24
[0.905s] DEBUG:colcon.colcon_core.event_handler.log_command:Invoking command in '/home/nman/owl_project_ws/build/my_robot_description': CMAKE_PREFIX_PATH=/opt/ros/humble /usr/bin/cmake --install /home/nman/owl_project_ws/build/my_robot_description
[0.906s] Level 1:colcon.colcon_core.environment:create_environment_scripts_only(my_robot_moveit_config)
[0.907s] DEBUG:colcon.colcon_core.event_handler.log_command:Invoked command in '/home/nman/owl_project_ws/build/my_robot_moveit_config' returned '0': CMAKE_PREFIX_PATH=/opt/ros/humble /usr/bin/cmake --install /home/nman/owl_project_ws/build/my_robot_moveit_config
[0.913s] Level 1:colcon.colcon_core.environment:checking '/home/nman/owl_project_ws/install/my_robot_moveit_config' for CMake module files
[0.913s] Level 1:colcon.colcon_core.environment:checking '/home/nman/owl_project_ws/install/my_robot_moveit_config' for CMake config files
[0.914s] Level 1:colcon.colcon_core.shell:create_environment_hook('my_robot_moveit_config', 'cmake_prefix_path')
[0.914s] INFO:colcon.colcon_core.shell:Creating environment hook '/home/nman/owl_project_ws/install/my_robot_moveit_config/share/my_robot_moveit_config/hook/cmake_prefix_path.ps1'
[0.914s] INFO:colcon.colcon_core.shell:Creating environment descriptor '/home/nman/owl_project_ws/install/my_robot_moveit_config/share/my_robot_moveit_config/hook/cmake_prefix_path.dsv'
[0.914s] INFO:colcon.colcon_core.shell:Creating environment hook '/home/nman/owl_project_ws/install/my_robot_moveit_config/share/my_robot_moveit_config/hook/cmake_prefix_path.sh'
[0.915s] Level 1:colcon.colcon_core.environment:checking '/home/nman/owl_project_ws/install/my_robot_moveit_config/bin'
[0.915s] Level 1:colcon.colcon_core.environment:checking '/home/nman/owl_project_ws/install/my_robot_moveit_config/lib/pkgconfig/my_robot_moveit_config.pc'
[0.915s] Level 1:colcon.colcon_core.environment:checking '/home/nman/owl_project_ws/install/my_robot_moveit_config/lib/python3.10/site-packages'
[0.915s] Level 1:colcon.colcon_core.environment:checking '/home/nman/owl_project_ws/install/my_robot_moveit_config/bin'
[0.915s] INFO:colcon.colcon_core.shell:Creating package script '/home/nman/owl_project_ws/install/my_robot_moveit_config/share/my_robot_moveit_config/package.ps1'
[0.916s] INFO:colcon.colcon_core.shell:Creating package descriptor '/home/nman/owl_project_ws/install/my_robot_moveit_config/share/my_robot_moveit_config/package.dsv'
[0.916s] INFO:colcon.colcon_core.shell:Creating package script '/home/nman/owl_project_ws/install/my_robot_moveit_config/share/my_robot_moveit_config/package.sh'
[0.917s] INFO:colcon.colcon_core.shell:Creating package script '/home/nman/owl_project_ws/install/my_robot_moveit_config/share/my_robot_moveit_config/package.bash'
[0.917s] INFO:colcon.colcon_core.shell:Creating package script '/home/nman/owl_project_ws/install/my_robot_moveit_config/share/my_robot_moveit_config/package.zsh'
[0.918s] Level 1:colcon.colcon_core.environment:create_file_with_runtime_dependencies(/home/nman/owl_project_ws/install/my_robot_moveit_config/share/colcon-core/packages/my_robot_moveit_config)
[0.918s] Level 1:colcon.colcon_core.environment:create_environment_scripts_only(my_robot_moveit_config)
[0.918s] Level 1:colcon.colcon_core.environment:checking '/home/nman/owl_project_ws/install/my_robot_moveit_config' for CMake module files
[0.918s] Level 1:colcon.colcon_core.environment:checking '/home/nman/owl_project_ws/install/my_robot_moveit_config' for CMake config files
[0.918s] Level 1:colcon.colcon_core.shell:create_environment_hook('my_robot_moveit_config', 'cmake_prefix_path')
[0.919s] INFO:colcon.colcon_core.shell:Creating environment hook '/home/nman/owl_project_ws/install/my_robot_moveit_config/share/my_robot_moveit_config/hook/cmake_prefix_path.ps1'
[0.919s] INFO:colcon.colcon_core.shell:Creating environment descriptor '/home/nman/owl_project_ws/install/my_robot_moveit_config/share/my_robot_moveit_config/hook/cmake_prefix_path.dsv'
[0.919s] INFO:colcon.colcon_core.shell:Creating environment hook '/home/nman/owl_project_ws/install/my_robot_moveit_config/share/my_robot_moveit_config/hook/cmake_prefix_path.sh'
[0.919s] Level 1:colcon.colcon_core.environment:checking '/home/nman/owl_project_ws/install/my_robot_moveit_config/bin'
[0.919s] Level 1:colcon.colcon_core.environment:checking '/home/nman/owl_project_ws/install/my_robot_moveit_config/lib/pkgconfig/my_robot_moveit_config.pc'
[0.919s] Level 1:colcon.colcon_core.environment:checking '/home/nman/owl_project_ws/install/my_robot_moveit_config/lib/python3.10/site-packages'
[0.920s] Level 1:colcon.colcon_core.environment:checking '/home/nman/owl_project_ws/install/my_robot_moveit_config/bin'
[0.920s] INFO:colcon.colcon_core.shell:Creating package script '/home/nman/owl_project_ws/install/my_robot_moveit_config/share/my_robot_moveit_config/package.ps1'
[0.920s] INFO:colcon.colcon_core.shell:Creating package descriptor '/home/nman/owl_project_ws/install/my_robot_moveit_config/share/my_robot_moveit_config/package.dsv'
[0.920s] INFO:colcon.colcon_core.shell:Creating package script '/home/nman/owl_project_ws/install/my_robot_moveit_config/share/my_robot_moveit_config/package.sh'
[0.921s] INFO:colcon.colcon_core.shell:Creating package script '/home/nman/owl_project_ws/install/my_robot_moveit_config/share/my_robot_moveit_config/package.bash'
[0.921s] INFO:colcon.colcon_core.shell:Creating package script '/home/nman/owl_project_ws/install/my_robot_moveit_config/share/my_robot_moveit_config/package.zsh'
[0.921s] Level 1:colcon.colcon_core.environment:create_file_with_runtime_dependencies(/home/nman/owl_project_ws/install/my_robot_moveit_config/share/colcon-core/packages/my_robot_moveit_config)
[0.922s] Level 1:colcon.colcon_core.environment:create_environment_scripts_only(my_robot_gazebo)
[0.922s] Level 1:colcon.colcon_core.environment:checking '/home/nman/owl_project_ws/install/my_robot_gazebo' for CMake module files
[0.923s] DEBUG:colcon.colcon_core.event_handler.log_command:Invoked command in '/home/nman/owl_project_ws/build/my_robot_gazebo' returned '0': CMAKE_PREFIX_PATH=/opt/ros/humble /usr/bin/cmake --install /home/nman/owl_project_ws/build/my_robot_gazebo
[0.923s] Level 1:colcon.colcon_core.environment:checking '/home/nman/owl_project_ws/install/my_robot_gazebo' for CMake config files
[0.923s] Level 1:colcon.colcon_core.shell:create_environment_hook('my_robot_gazebo', 'cmake_prefix_path')
[0.924s] INFO:colcon.colcon_core.shell:Creating environment hook '/home/nman/owl_project_ws/install/my_robot_gazebo/share/my_robot_gazebo/hook/cmake_prefix_path.ps1'
[0.924s] INFO:colcon.colcon_core.shell:Creating environment descriptor '/home/nman/owl_project_ws/install/my_robot_gazebo/share/my_robot_gazebo/hook/cmake_prefix_path.dsv'
[0.924s] INFO:colcon.colcon_core.shell:Creating environment hook '/home/nman/owl_project_ws/install/my_robot_gazebo/share/my_robot_gazebo/hook/cmake_prefix_path.sh'
[0.924s] Level 1:colcon.colcon_core.environment:checking '/home/nman/owl_project_ws/install/my_robot_gazebo/bin'
[0.924s] Level 1:colcon.colcon_core.environment:checking '/home/nman/owl_project_ws/install/my_robot_gazebo/lib/pkgconfig/my_robot_gazebo.pc'
[0.924s] Level 1:colcon.colcon_core.environment:checking '/home/nman/owl_project_ws/install/my_robot_gazebo/lib/python3.10/site-packages'
[0.925s] Level 1:colcon.colcon_core.environment:checking '/home/nman/owl_project_ws/install/my_robot_gazebo/bin'
[0.925s] INFO:colcon.colcon_core.shell:Creating package script '/home/nman/owl_project_ws/install/my_robot_gazebo/share/my_robot_gazebo/package.ps1'
[0.925s] INFO:colcon.colcon_core.shell:Creating package descriptor '/home/nman/owl_project_ws/install/my_robot_gazebo/share/my_robot_gazebo/package.dsv'
[0.925s] INFO:colcon.colcon_core.shell:Creating package script '/home/nman/owl_project_ws/install/my_robot_gazebo/share/my_robot_gazebo/package.sh'
[0.925s] INFO:colcon.colcon_core.shell:Creating package script '/home/nman/owl_project_ws/install/my_robot_gazebo/share/my_robot_gazebo/package.bash'
[0.926s] INFO:colcon.colcon_core.shell:Creating package script '/home/nman/owl_project_ws/install/my_robot_gazebo/share/my_robot_gazebo/package.zsh'
[0.926s] Level 1:colcon.colcon_core.environment:create_file_with_runtime_dependencies(/home/nman/owl_project_ws/install/my_robot_gazebo/share/colcon-core/packages/my_robot_gazebo)
[0.926s] Level 1:colcon.colcon_core.environment:create_environment_scripts_only(my_robot_gazebo)
[0.926s] Level 1:colcon.colcon_core.environment:checking '/home/nman/owl_project_ws/install/my_robot_gazebo' for CMake module files
[0.926s] Level 1:colcon.colcon_core.environment:checking '/home/nman/owl_project_ws/install/my_robot_gazebo' for CMake config files
[0.926s] Level 1:colcon.colcon_core.shell:create_environment_hook('my_robot_gazebo', 'cmake_prefix_path')
[0.927s] INFO:colcon.colcon_core.shell:Creating environment hook '/home/nman/owl_project_ws/install/my_robot_gazebo/share/my_robot_gazebo/hook/cmake_prefix_path.ps1'
[0.927s] INFO:colcon.colcon_core.shell:Creating environment descriptor '/home/nman/owl_project_ws/install/my_robot_gazebo/share/my_robot_gazebo/hook/cmake_prefix_path.dsv'
[0.927s] INFO:colcon.colcon_core.shell:Creating environment hook '/home/nman/owl_project_ws/install/my_robot_gazebo/share/my_robot_gazebo/hook/cmake_prefix_path.sh'
[0.927s] Level 1:colcon.colcon_core.environment:checking '/home/nman/owl_project_ws/install/my_robot_gazebo/bin'
[0.927s] Level 1:colcon.colcon_core.environment:checking '/home/nman/owl_project_ws/install/my_robot_gazebo/lib/pkgconfig/my_robot_gazebo.pc'
[0.927s] Level 1:colcon.colcon_core.environment:checking '/home/nman/owl_project_ws/install/my_robot_gazebo/lib/python3.10/site-packages'
[0.928s] Level 1:colcon.colcon_core.environment:checking '/home/nman/owl_project_ws/install/my_robot_gazebo/bin'
[0.928s] INFO:colcon.colcon_core.shell:Creating package script '/home/nman/owl_project_ws/install/my_robot_gazebo/share/my_robot_gazebo/package.ps1'
[0.928s] INFO:colcon.colcon_core.shell:Creating package descriptor '/home/nman/owl_project_ws/install/my_robot_gazebo/share/my_robot_gazebo/package.dsv'
[0.928s] INFO:colcon.colcon_core.shell:Creating package script '/home/nman/owl_project_ws/install/my_robot_gazebo/share/my_robot_gazebo/package.sh'
[0.928s] INFO:colcon.colcon_core.shell:Creating package script '/home/nman/owl_project_ws/install/my_robot_gazebo/share/my_robot_gazebo/package.bash'
[0.929s] INFO:colcon.colcon_core.shell:Creating package script '/home/nman/owl_project_ws/install/my_robot_gazebo/share/my_robot_gazebo/package.zsh'
[0.929s] Level 1:colcon.colcon_core.environment:create_file_with_runtime_dependencies(/home/nman/owl_project_ws/install/my_robot_gazebo/share/colcon-core/packages/my_robot_gazebo)
[0.929s] Level 1:colcon.colcon_core.environment:create_environment_scripts_only(my_robot_description)
[0.929s] Level 1:colcon.colcon_core.environment:checking '/home/nman/owl_project_ws/install/my_robot_description' for CMake module files
[0.930s] DEBUG:colcon.colcon_core.event_handler.log_command:Invoked command in '/home/nman/owl_project_ws/build/my_robot_description' returned '0': CMAKE_PREFIX_PATH=/opt/ros/humble /usr/bin/cmake --install /home/nman/owl_project_ws/build/my_robot_description
[0.930s] Level 1:colcon.colcon_core.environment:checking '/home/nman/owl_project_ws/install/my_robot_description' for CMake config files
[0.930s] Level 1:colcon.colcon_core.shell:create_environment_hook('my_robot_description', 'cmake_prefix_path')
[0.930s] INFO:colcon.colcon_core.shell:Creating environment hook '/home/nman/owl_project_ws/install/my_robot_description/share/my_robot_description/hook/cmake_prefix_path.ps1'
[0.930s] INFO:colcon.colcon_core.shell:Creating environment descriptor '/home/nman/owl_project_ws/install/my_robot_description/share/my_robot_description/hook/cmake_prefix_path.dsv'
[0.930s] INFO:colcon.colcon_core.shell:Creating environment hook '/home/nman/owl_project_ws/install/my_robot_description/share/my_robot_description/hook/cmake_prefix_path.sh'
[0.931s] Level 1:colcon.colcon_core.environment:checking '/home/nman/owl_project_ws/install/my_robot_description/bin'
[0.931s] Level 1:colcon.colcon_core.environment:checking '/home/nman/owl_project_ws/install/my_robot_description/lib/pkgconfig/my_robot_description.pc'
[0.931s] Level 1:colcon.colcon_core.environment:checking '/home/nman/owl_project_ws/install/my_robot_description/lib/python3.10/site-packages'
[0.931s] Level 1:colcon.colcon_core.environment:checking '/home/nman/owl_project_ws/install/my_robot_description/bin'
[0.931s] INFO:colcon.colcon_core.shell:Creating package script '/home/nman/owl_project_ws/install/my_robot_description/share/my_robot_description/package.ps1'
[0.931s] INFO:colcon.colcon_core.shell:Creating package descriptor '/home/nman/owl_project_ws/install/my_robot_description/share/my_robot_description/package.dsv'
[0.932s] INFO:colcon.colcon_core.shell:Creating package script '/home/nman/owl_project_ws/install/my_robot_description/share/my_robot_description/package.sh'
[0.932s] INFO:colcon.colcon_core.shell:Creating package script '/home/nman/owl_project_ws/install/my_robot_description/share/my_robot_description/package.bash'
[0.932s] INFO:colcon.colcon_core.shell:Creating package script '/home/nman/owl_project_ws/install/my_robot_description/share/my_robot_description/package.zsh'
[0.932s] Level 1:colcon.colcon_core.environment:create_file_with_runtime_dependencies(/home/nman/owl_project_ws/install/my_robot_description/share/colcon-core/packages/my_robot_description)
[0.932s] Level 1:colcon.colcon_core.environment:create_environment_scripts_only(my_robot_description)
[0.933s] Level 1:colcon.colcon_core.environment:checking '/home/nman/owl_project_ws/install/my_robot_description' for CMake module files
[0.933s] Level 1:colcon.colcon_core.environment:checking '/home/nman/owl_project_ws/install/my_robot_description' for CMake config files
[0.933s] Level 1:colcon.colcon_core.shell:create_environment_hook('my_robot_description', 'cmake_prefix_path')
[0.933s] INFO:colcon.colcon_core.shell:Creating environment hook '/home/nman/owl_project_ws/install/my_robot_description/share/my_robot_description/hook/cmake_prefix_path.ps1'
[0.933s] INFO:colcon.colcon_core.shell:Creating environment descriptor '/home/nman/owl_project_ws/install/my_robot_description/share/my_robot_description/hook/cmake_prefix_path.dsv'
[0.933s] INFO:colcon.colcon_core.shell:Creating environment hook '/home/nman/owl_project_ws/install/my_robot_description/share/my_robot_description/hook/cmake_prefix_path.sh'
[0.934s] Level 1:colcon.colcon_core.environment:checking '/home/nman/owl_project_ws/install/my_robot_description/bin'
[0.934s] Level 1:colcon.colcon_core.environment:checking '/home/nman/owl_project_ws/install/my_robot_description/lib/pkgconfig/my_robot_description.pc'
[0.934s] Level 1:colcon.colcon_core.environment:checking '/home/nman/owl_project_ws/install/my_robot_description/lib/python3.10/site-packages'
[0.934s] Level 1:colcon.colcon_core.environment:checking '/home/nman/owl_project_ws/install/my_robot_description/bin'
[0.934s] INFO:colcon.colcon_core.shell:Creating package script '/home/nman/owl_project_ws/install/my_robot_description/share/my_robot_description/package.ps1'
[0.935s] INFO:colcon.colcon_core.shell:Creating package descriptor '/home/nman/owl_project_ws/install/my_robot_description/share/my_robot_description/package.dsv'
[0.935s] INFO:colcon.colcon_core.shell:Creating package script '/home/nman/owl_project_ws/install/my_robot_description/share/my_robot_description/package.sh'
[0.935s] INFO:colcon.colcon_core.shell:Creating package script '/home/nman/owl_project_ws/install/my_robot_description/share/my_robot_description/package.bash'
[0.935s] INFO:colcon.colcon_core.shell:Creating package script '/home/nman/owl_project_ws/install/my_robot_description/share/my_robot_description/package.zsh'
[0.936s] Level 1:colcon.colcon_core.environment:create_file_with_runtime_dependencies(/home/nman/owl_project_ws/install/my_robot_description/share/colcon-core/packages/my_robot_description)
[0.936s] Level 1:colcon.colcon_core.environment:create_environment_scripts_only(my_robot_bringup)
[0.936s] Level 1:colcon.colcon_core.environment:checking '/home/nman/owl_project_ws/install/my_robot_bringup' for CMake module files
[0.936s] DEBUG:colcon.colcon_core.event_handler.log_command:Invoked command in '/home/nman/owl_project_ws/build/my_robot_bringup' returned '0': CMAKE_PREFIX_PATH=/opt/ros/humble /usr/bin/cmake --install /home/nman/owl_project_ws/build/my_robot_bringup
[0.936s] Level 1:colcon.colcon_core.environment:checking '/home/nman/owl_project_ws/install/my_robot_bringup' for CMake config files
[0.936s] Level 1:colcon.colcon_core.shell:create_environment_hook('my_robot_bringup', 'cmake_prefix_path')
[0.937s] INFO:colcon.colcon_core.shell:Creating environment hook '/home/nman/owl_project_ws/install/my_robot_bringup/share/my_robot_bringup/hook/cmake_prefix_path.ps1'
[0.937s] INFO:colcon.colcon_core.shell:Creating environment descriptor '/home/nman/owl_project_ws/install/my_robot_bringup/share/my_robot_bringup/hook/cmake_prefix_path.dsv'
[0.937s] INFO:colcon.colcon_core.shell:Creating environment hook '/home/nman/owl_project_ws/install/my_robot_bringup/share/my_robot_bringup/hook/cmake_prefix_path.sh'
[0.937s] Level 1:colcon.colcon_core.environment:checking '/home/nman/owl_project_ws/install/my_robot_bringup/bin'
[0.937s] Level 1:colcon.colcon_core.environment:checking '/home/nman/owl_project_ws/install/my_robot_bringup/lib/pkgconfig/my_robot_bringup.pc'
[0.937s] Level 1:colcon.colcon_core.environment:checking '/home/nman/owl_project_ws/install/my_robot_bringup/lib/python3.10/site-packages'
[0.938s] Level 1:colcon.colcon_core.environment:checking '/home/nman/owl_project_ws/install/my_robot_bringup/bin'
[0.938s] INFO:colcon.colcon_core.shell:Creating package script '/home/nman/owl_project_ws/install/my_robot_bringup/share/my_robot_bringup/package.ps1'
[0.938s] INFO:colcon.colcon_core.shell:Creating package descriptor '/home/nman/owl_project_ws/install/my_robot_bringup/share/my_robot_bringup/package.dsv'
[0.938s] INFO:colcon.colcon_core.shell:Creating package script '/home/nman/owl_project_ws/install/my_robot_bringup/share/my_robot_bringup/package.sh'
[0.938s] INFO:colcon.colcon_core.shell:Creating package script '/home/nman/owl_project_ws/install/my_robot_bringup/share/my_robot_bringup/package.bash'
[0.938s] INFO:colcon.colcon_core.shell:Creating package script '/home/nman/owl_project_ws/install/my_robot_bringup/share/my_robot_bringup/package.zsh'
[0.939s] Level 1:colcon.colcon_core.environment:create_file_with_runtime_dependencies(/home/nman/owl_project_ws/install/my_robot_bringup/share/colcon-core/packages/my_robot_bringup)
[0.939s] Level 1:colcon.colcon_core.environment:create_environment_scripts_only(my_robot_bringup)
[0.939s] Level 1:colcon.colcon_core.environment:checking '/home/nman/owl_project_ws/install/my_robot_bringup' for CMake module files
[0.939s] Level 1:colcon.colcon_core.environment:checking '/home/nman/owl_project_ws/install/my_robot_bringup' for CMake config files
[0.939s] Level 1:colcon.colcon_core.shell:create_environment_hook('my_robot_bringup', 'cmake_prefix_path')
[0.939s] INFO:colcon.colcon_core.shell:Creating environment hook '/home/nman/owl_project_ws/install/my_robot_bringup/share/my_robot_bringup/hook/cmake_prefix_path.ps1'
[0.940s] INFO:colcon.colcon_core.shell:Creating environment descriptor '/home/nman/owl_project_ws/install/my_robot_bringup/share/my_robot_bringup/hook/cmake_prefix_path.dsv'
[0.940s] INFO:colcon.colcon_core.shell:Creating environment hook '/home/nman/owl_project_ws/install/my_robot_bringup/share/my_robot_bringup/hook/cmake_prefix_path.sh'
[0.940s] Level 1:colcon.colcon_core.environment:checking '/home/nman/owl_project_ws/install/my_robot_bringup/bin'
[0.940s] Level 1:colcon.colcon_core.environment:checking '/home/nman/owl_project_ws/install/my_robot_bringup/lib/pkgconfig/my_robot_bringup.pc'
[0.940s] Level 1:colcon.colcon_core.environment:checking '/home/nman/owl_project_ws/install/my_robot_bringup/lib/python3.10/site-packages'
[0.940s] Level 1:colcon.colcon_core.environment:checking '/home/nman/owl_project_ws/install/my_robot_bringup/bin'
[0.940s] INFO:colcon.colcon_core.shell:Creating package script '/home/nman/owl_project_ws/install/my_robot_bringup/share/my_robot_bringup/package.ps1'
[0.941s] INFO:colcon.colcon_core.shell:Creating package descriptor '/home/nman/owl_project_ws/install/my_robot_bringup/share/my_robot_bringup/package.dsv'
[0.941s] INFO:colcon.colcon_core.shell:Creating package script '/home/nman/owl_project_ws/install/my_robot_bringup/share/my_robot_bringup/package.sh'
[0.941s] INFO:colcon.colcon_core.shell:Creating package script '/home/nman/owl_project_ws/install/my_robot_bringup/share/my_robot_bringup/package.bash'
[0.941s] INFO:colcon.colcon_core.shell:Creating package script '/home/nman/owl_project_ws/install/my_robot_bringup/share/my_robot_bringup/package.zsh'
[0.941s] Level 1:colcon.colcon_core.environment:create_file_with_runtime_dependencies(/home/nman/owl_project_ws/install/my_robot_bringup/share/colcon-core/packages/my_robot_bringup)
[1.004s] Level 1:colcon.colcon_core.environment:checking '/home/nman/owl_project_ws/install/my_robot_sdk' for CMake module files
[1.005s] DEBUG:colcon.colcon_core.event_handler.log_command:Invoked command in '/home/nman/owl_project_ws/src/my_robot_sdk' returned '0': PYTHONPATH=/home/nman/owl_project_ws/build/my_robot_sdk/prefix_override:/usr/lib/python3/dist-packages/colcon_core/task/python/colcon_distutils_commands:/home/nman/owl_project_ws/install/my_robot_sdk/lib/python3.10/site-packages:${PYTHONPATH} /usr/bin/python3 -W ignore:setup.py install is deprecated -W ignore:easy_install command is deprecated setup.py egg_info --egg-base ../../build/my_robot_sdk build --build-base /home/nman/owl_project_ws/build/my_robot_sdk/build install --record /home/nman/owl_project_ws/build/my_robot_sdk/install.log --single-version-externally-managed install_data
[1.005s] Level 1:colcon.colcon_core.environment:checking '/home/nman/owl_project_ws/install/my_robot_sdk' for CMake config files
[1.005s] Level 1:colcon.colcon_core.environment:checking '/home/nman/owl_project_ws/install/my_robot_sdk/lib'
[1.005s] Level 1:colcon.colcon_core.environment:checking '/home/nman/owl_project_ws/install/my_robot_sdk/bin'
[1.005s] Level 1:colcon.colcon_core.environment:checking '/home/nman/owl_project_ws/install/my_robot_sdk/lib/pkgconfig/my_robot_sdk.pc'
[1.006s] Level 1:colcon.colcon_core.environment:checking '/home/nman/owl_project_ws/install/my_robot_sdk/lib/python3.10/site-packages'
[1.006s] Level 1:colcon.colcon_core.shell:create_environment_hook('my_robot_sdk', 'pythonpath')
[1.006s] INFO:colcon.colcon_core.shell:Creating environment hook '/home/nman/owl_project_ws/install/my_robot_sdk/share/my_robot_sdk/hook/pythonpath.ps1'
[1.006s] INFO:colcon.colcon_core.shell:Creating environment descriptor '/home/nman/owl_project_ws/install/my_robot_sdk/share/my_robot_sdk/hook/pythonpath.dsv'
[1.006s] INFO:colcon.colcon_core.shell:Creating environment hook '/home/nman/owl_project_ws/install/my_robot_sdk/share/my_robot_sdk/hook/pythonpath.sh'
[1.006s] Level 1:colcon.colcon_core.environment:checking '/home/nman/owl_project_ws/install/my_robot_sdk/bin'
[1.006s] Level 1:colcon.colcon_core.environment:create_environment_scripts_only(my_robot_sdk)
[1.007s] INFO:colcon.colcon_core.shell:Creating package script '/home/nman/owl_project_ws/install/my_robot_sdk/share/my_robot_sdk/package.ps1'
[1.007s] INFO:colcon.colcon_core.shell:Creating package descriptor '/home/nman/owl_project_ws/install/my_robot_sdk/share/my_robot_sdk/package.dsv'
[1.007s] INFO:colcon.colcon_core.shell:Creating package script '/home/nman/owl_project_ws/install/my_robot_sdk/share/my_robot_sdk/package.sh'
[1.007s] INFO:colcon.colcon_core.shell:Creating package script '/home/nman/owl_project_ws/install/my_robot_sdk/share/my_robot_sdk/package.bash'
[1.007s] INFO:colcon.colcon_core.shell:Creating package script '/home/nman/owl_project_ws/install/my_robot_sdk/share/my_robot_sdk/package.zsh'
[1.007s] Level 1:colcon.colcon_core.environment:create_file_with_runtime_dependencies(/home/nman/owl_project_ws/install/my_robot_sdk/share/colcon-core/packages/my_robot_sdk)
[1.007s] DEBUG:colcon.colcon_parallel_executor.executor.parallel:closing loop
[1.008s] DEBUG:colcon.colcon_parallel_executor.executor.parallel:loop closed
[1.008s] DEBUG:colcon.colcon_parallel_executor.executor.parallel:run_until_complete finished with '0'
[1.008s] DEBUG:colcon.colcon_core.event_reactor:joining thread
[1.012s] INFO:colcon.colcon_core.plugin_system:Skipping extension 'colcon_notification.desktop_notification.terminal_notifier': Not used on non-Darwin systems
[1.012s] INFO:colcon.colcon_core.plugin_system:Skipping extension 'colcon_notification.desktop_notification.win32': Not used on non-Windows systems
[1.012s] INFO:colcon.colcon_notification.desktop_notification:Sending desktop notification using 'notify2'
[1.020s] DEBUG:colcon.colcon_core.event_reactor:joined thread
[1.020s] INFO:colcon.colcon_core.shell:Creating prefix script '/home/nman/owl_project_ws/install/local_setup.ps1'
[1.021s] INFO:colcon.colcon_core.shell:Creating prefix util module '/home/nman/owl_project_ws/install/_local_setup_util_ps1.py'
[1.021s] INFO:colcon.colcon_core.shell:Creating prefix chain script '/home/nman/owl_project_ws/install/setup.ps1'
[1.022s] INFO:colcon.colcon_core.shell:Creating prefix script '/home/nman/owl_project_ws/install/local_setup.sh'
[1.022s] INFO:colcon.colcon_core.shell:Creating prefix util module '/home/nman/owl_project_ws/install/_local_setup_util_sh.py'
[1.022s] INFO:colcon.colcon_core.shell:Creating prefix chain script '/home/nman/owl_project_ws/install/setup.sh'
[1.023s] INFO:colcon.colcon_core.shell:Creating prefix script '/home/nman/owl_project_ws/install/local_setup.bash'
[1.023s] INFO:colcon.colcon_core.shell:Creating prefix chain script '/home/nman/owl_project_ws/install/setup.bash'
[1.024s] INFO:colcon.colcon_core.shell:Creating prefix script '/home/nman/owl_project_ws/install/local_setup.zsh'
[1.024s] INFO:colcon.colcon_core.shell:Creating prefix chain script '/home/nman/owl_project_ws/install/setup.zsh'
