[0.016s] Invoking command in '/home/nman/owl_project_ws/build/my_robot_description': CMAKE_PREFIX_PATH=/opt/ros/humble /usr/bin/cmake /home/nman/owl_project_ws/src/my_robot_description -DCMAKE_INSTALL_PREFIX=/home/nman/owl_project_ws/install/my_robot_description
[0.094s] -- The C compiler identification is GNU 11.4.0
[0.162s] -- The CXX compiler identification is GNU 11.4.0
[0.168s] -- Detecting C compiler ABI info
[0.227s] -- Detecting C compiler ABI info - done
[0.233s] -- Check for working C compiler: /usr/bin/cc - skipped
[0.233s] -- Detecting C compile features
[0.235s] -- Detecting C compile features - done
[0.238s] -- Detecting CXX compiler ABI info
[0.308s] -- Detecting CXX compiler ABI info - done
[0.315s] -- Check for working CXX compiler: /usr/bin/c++ - skipped
[0.315s] -- Detecting CXX compile features
[0.316s] -- Detecting CXX compile features - done
[0.321s] -- Found ament_cmake: 1.3.14 (/opt/ros/humble/share/ament_cmake/cmake)
[0.450s] -- Found Python3: /usr/bin/python3 (found version "3.10.12") found components: Interpreter 
[0.527s] -- Found ament_lint_auto: 0.12.15 (/opt/ros/humble/share/ament_lint_auto/cmake)
[0.589s] -- Added test 'lint_cmake' to check CMake code style
[0.590s] -- Added test 'xmllint' to check XML markup files
[0.592s] -- Configuring done
[0.593s] -- Generating done
[0.595s] -- Build files have been written to: /home/nman/owl_project_ws/build/my_robot_description
[0.604s] Invoked command in '/home/nman/owl_project_ws/build/my_robot_description' returned '0': CMAKE_PREFIX_PATH=/opt/ros/humble /usr/bin/cmake /home/nman/owl_project_ws/src/my_robot_description -DCMAKE_INSTALL_PREFIX=/home/nman/owl_project_ws/install/my_robot_description
[0.605s] Invoking command in '/home/nman/owl_project_ws/build/my_robot_description': CMAKE_PREFIX_PATH=/opt/ros/humble /usr/bin/cmake --build /home/nman/owl_project_ws/build/my_robot_description -- -j24 -l24
[0.647s] Invoked command in '/home/nman/owl_project_ws/build/my_robot_description' returned '0': CMAKE_PREFIX_PATH=/opt/ros/humble /usr/bin/cmake --build /home/nman/owl_project_ws/build/my_robot_description -- -j24 -l24
[0.649s] Invoking command in '/home/nman/owl_project_ws/build/my_robot_description': CMAKE_PREFIX_PATH=/opt/ros/humble /usr/bin/cmake --install /home/nman/owl_project_ws/build/my_robot_description
[0.655s] -- Install configuration: ""
[0.655s] -- Installing: /home/nman/owl_project_ws/install/my_robot_description/share/ament_index/resource_index/package_run_dependencies/my_robot_description
[0.655s] -- Installing: /home/nman/owl_project_ws/install/my_robot_description/share/ament_index/resource_index/parent_prefix_path/my_robot_description
[0.656s] -- Installing: /home/nman/owl_project_ws/install/my_robot_description/share/my_robot_description/environment/ament_prefix_path.sh
[0.656s] -- Installing: /home/nman/owl_project_ws/install/my_robot_description/share/my_robot_description/environment/ament_prefix_path.dsv
[0.656s] -- Installing: /home/nman/owl_project_ws/install/my_robot_description/share/my_robot_description/environment/path.sh
[0.656s] -- Installing: /home/nman/owl_project_ws/install/my_robot_description/share/my_robot_description/environment/path.dsv
[0.656s] -- Installing: /home/nman/owl_project_ws/install/my_robot_description/share/my_robot_description/local_setup.bash
[0.656s] -- Installing: /home/nman/owl_project_ws/install/my_robot_description/share/my_robot_description/local_setup.sh
[0.656s] -- Installing: /home/nman/owl_project_ws/install/my_robot_description/share/my_robot_description/local_setup.zsh
[0.656s] -- Installing: /home/nman/owl_project_ws/install/my_robot_description/share/my_robot_description/local_setup.dsv
[0.656s] -- Installing: /home/nman/owl_project_ws/install/my_robot_description/share/my_robot_description/package.dsv
[0.656s] -- Installing: /home/nman/owl_project_ws/install/my_robot_description/share/ament_index/resource_index/packages/my_robot_description
[0.656s] -- Installing: /home/nman/owl_project_ws/install/my_robot_description/share/my_robot_description/cmake/my_robot_descriptionConfig.cmake
[0.656s] -- Installing: /home/nman/owl_project_ws/install/my_robot_description/share/my_robot_description/cmake/my_robot_descriptionConfig-version.cmake
[0.656s] -- Installing: /home/nman/owl_project_ws/install/my_robot_description/share/my_robot_description/package.xml
[0.674s] Invoked command in '/home/nman/owl_project_ws/build/my_robot_description' returned '0': CMAKE_PREFIX_PATH=/opt/ros/humble /usr/bin/cmake --install /home/nman/owl_project_ws/build/my_robot_description
