[0.013s] Invoking command in '/home/nman/owl_project_ws/build/my_robot_gazebo': CMAKE_PREFIX_PATH=/opt/ros/humble /usr/bin/cmake --build /home/nman/owl_project_ws/build/my_robot_gazebo -- -j24 -l24
[0.152s] Invoked command in '/home/nman/owl_project_ws/build/my_robot_gazebo' returned '0': CMAKE_PREFIX_PATH=/opt/ros/humble /usr/bin/cmake --build /home/nman/owl_project_ws/build/my_robot_gazebo -- -j24 -l24
[0.160s] Invoking command in '/home/nman/owl_project_ws/build/my_robot_gazebo': CMAKE_PREFIX_PATH=/opt/ros/humble /usr/bin/cmake --install /home/nman/owl_project_ws/build/my_robot_gazebo
[0.167s] -- Install configuration: ""
[0.167s] -- Up-to-date: /home/nman/owl_project_ws/install/my_robot_gazebo/share/ament_index/resource_index/package_run_dependencies/my_robot_gazebo
[0.167s] -- Up-to-date: /home/nman/owl_project_ws/install/my_robot_gazebo/share/ament_index/resource_index/parent_prefix_path/my_robot_gazebo
[0.167s] -- Up-to-date: /home/nman/owl_project_ws/install/my_robot_gazebo/share/my_robot_gazebo/environment/ament_prefix_path.sh
[0.167s] -- Up-to-date: /home/nman/owl_project_ws/install/my_robot_gazebo/share/my_robot_gazebo/environment/ament_prefix_path.dsv
[0.167s] -- Up-to-date: /home/nman/owl_project_ws/install/my_robot_gazebo/share/my_robot_gazebo/environment/path.sh
[0.167s] -- Up-to-date: /home/nman/owl_project_ws/install/my_robot_gazebo/share/my_robot_gazebo/environment/path.dsv
[0.167s] -- Up-to-date: /home/nman/owl_project_ws/install/my_robot_gazebo/share/my_robot_gazebo/local_setup.bash
[0.167s] -- Up-to-date: /home/nman/owl_project_ws/install/my_robot_gazebo/share/my_robot_gazebo/local_setup.sh
[0.167s] -- Up-to-date: /home/nman/owl_project_ws/install/my_robot_gazebo/share/my_robot_gazebo/local_setup.zsh
[0.167s] -- Up-to-date: /home/nman/owl_project_ws/install/my_robot_gazebo/share/my_robot_gazebo/local_setup.dsv
[0.168s] -- Up-to-date: /home/nman/owl_project_ws/install/my_robot_gazebo/share/my_robot_gazebo/package.dsv
[0.168s] -- Up-to-date: /home/nman/owl_project_ws/install/my_robot_gazebo/share/ament_index/resource_index/packages/my_robot_gazebo
[0.168s] -- Up-to-date: /home/nman/owl_project_ws/install/my_robot_gazebo/share/my_robot_gazebo/cmake/my_robot_gazeboConfig.cmake
[0.168s] -- Up-to-date: /home/nman/owl_project_ws/install/my_robot_gazebo/share/my_robot_gazebo/cmake/my_robot_gazeboConfig-version.cmake
[0.168s] -- Up-to-date: /home/nman/owl_project_ws/install/my_robot_gazebo/share/my_robot_gazebo/package.xml
[0.171s] Invoked command in '/home/nman/owl_project_ws/build/my_robot_gazebo' returned '0': CMAKE_PREFIX_PATH=/opt/ros/humble /usr/bin/cmake --install /home/nman/owl_project_ws/build/my_robot_gazebo
