[0.012s] Invoking command in '/home/nman/owl_project_ws/build/my_robot_moveit_config': CMAKE_PREFIX_PATH=/opt/ros/humble /usr/bin/cmake --build /home/nman/owl_project_ws/build/my_robot_moveit_config -- -j24 -l24
[0.159s] Invoked command in '/home/nman/owl_project_ws/build/my_robot_moveit_config' returned '0': CMAKE_PREFIX_PATH=/opt/ros/humble /usr/bin/cmake --build /home/nman/owl_project_ws/build/my_robot_moveit_config -- -j24 -l24
[0.159s] Invoking command in '/home/nman/owl_project_ws/build/my_robot_moveit_config': CMAKE_PREFIX_PATH=/opt/ros/humble /usr/bin/cmake --install /home/nman/owl_project_ws/build/my_robot_moveit_config
[0.168s] -- Install configuration: ""
[0.168s] -- Up-to-date: /home/nman/owl_project_ws/install/my_robot_moveit_config/share/ament_index/resource_index/package_run_dependencies/my_robot_moveit_config
[0.168s] -- Up-to-date: /home/nman/owl_project_ws/install/my_robot_moveit_config/share/ament_index/resource_index/parent_prefix_path/my_robot_moveit_config
[0.168s] -- Up-to-date: /home/nman/owl_project_ws/install/my_robot_moveit_config/share/my_robot_moveit_config/environment/ament_prefix_path.sh
[0.168s] -- Up-to-date: /home/nman/owl_project_ws/install/my_robot_moveit_config/share/my_robot_moveit_config/environment/ament_prefix_path.dsv
[0.168s] -- Up-to-date: /home/nman/owl_project_ws/install/my_robot_moveit_config/share/my_robot_moveit_config/environment/path.sh
[0.168s] -- Up-to-date: /home/nman/owl_project_ws/install/my_robot_moveit_config/share/my_robot_moveit_config/environment/path.dsv
[0.168s] -- Up-to-date: /home/nman/owl_project_ws/install/my_robot_moveit_config/share/my_robot_moveit_config/local_setup.bash
[0.168s] -- Up-to-date: /home/nman/owl_project_ws/install/my_robot_moveit_config/share/my_robot_moveit_config/local_setup.sh
[0.168s] -- Up-to-date: /home/nman/owl_project_ws/install/my_robot_moveit_config/share/my_robot_moveit_config/local_setup.zsh
[0.168s] -- Up-to-date: /home/nman/owl_project_ws/install/my_robot_moveit_config/share/my_robot_moveit_config/local_setup.dsv
[0.168s] -- Up-to-date: /home/nman/owl_project_ws/install/my_robot_moveit_config/share/my_robot_moveit_config/package.dsv
[0.168s] -- Up-to-date: /home/nman/owl_project_ws/install/my_robot_moveit_config/share/ament_index/resource_index/packages/my_robot_moveit_config
[0.168s] -- Up-to-date: /home/nman/owl_project_ws/install/my_robot_moveit_config/share/my_robot_moveit_config/cmake/my_robot_moveit_configConfig.cmake
[0.168s] -- Up-to-date: /home/nman/owl_project_ws/install/my_robot_moveit_config/share/my_robot_moveit_config/cmake/my_robot_moveit_configConfig-version.cmake
[0.169s] -- Up-to-date: /home/nman/owl_project_ws/install/my_robot_moveit_config/share/my_robot_moveit_config/package.xml
[0.183s] Invoked command in '/home/nman/owl_project_ws/build/my_robot_moveit_config' returned '0': CMAKE_PREFIX_PATH=/opt/ros/humble /usr/bin/cmake --install /home/nman/owl_project_ws/build/my_robot_moveit_config
