[0.014s] Invoking command in '/home/nman/owl_project_ws/build/my_robot_description': CMAKE_PREFIX_PATH=/opt/ros/humble /usr/bin/cmake --build /home/nman/owl_project_ws/build/my_robot_description -- -j24 -l24
[0.165s] Invoked command in '/home/nman/owl_project_ws/build/my_robot_description' returned '0': CMAKE_PREFIX_PATH=/opt/ros/humble /usr/bin/cmake --build /home/nman/owl_project_ws/build/my_robot_description -- -j24 -l24
[0.165s] Invoking command in '/home/nman/owl_project_ws/build/my_robot_description': CMAKE_PREFIX_PATH=/opt/ros/humble /usr/bin/cmake --install /home/nman/owl_project_ws/build/my_robot_description
[0.174s] -- Install configuration: ""
[0.174s] -- Up-to-date: /home/nman/owl_project_ws/install/my_robot_description/share/ament_index/resource_index/package_run_dependencies/my_robot_description
[0.174s] -- Up-to-date: /home/nman/owl_project_ws/install/my_robot_description/share/ament_index/resource_index/parent_prefix_path/my_robot_description
[0.174s] -- Up-to-date: /home/nman/owl_project_ws/install/my_robot_description/share/my_robot_description/environment/ament_prefix_path.sh
[0.174s] -- Up-to-date: /home/nman/owl_project_ws/install/my_robot_description/share/my_robot_description/environment/ament_prefix_path.dsv
[0.174s] -- Up-to-date: /home/nman/owl_project_ws/install/my_robot_description/share/my_robot_description/environment/path.sh
[0.174s] -- Up-to-date: /home/nman/owl_project_ws/install/my_robot_description/share/my_robot_description/environment/path.dsv
[0.174s] -- Up-to-date: /home/nman/owl_project_ws/install/my_robot_description/share/my_robot_description/local_setup.bash
[0.174s] -- Up-to-date: /home/nman/owl_project_ws/install/my_robot_description/share/my_robot_description/local_setup.sh
[0.174s] -- Up-to-date: /home/nman/owl_project_ws/install/my_robot_description/share/my_robot_description/local_setup.zsh
[0.174s] -- Up-to-date: /home/nman/owl_project_ws/install/my_robot_description/share/my_robot_description/local_setup.dsv
[0.175s] -- Up-to-date: /home/nman/owl_project_ws/install/my_robot_description/share/my_robot_description/package.dsv
[0.175s] -- Up-to-date: /home/nman/owl_project_ws/install/my_robot_description/share/ament_index/resource_index/packages/my_robot_description
[0.175s] -- Up-to-date: /home/nman/owl_project_ws/install/my_robot_description/share/my_robot_description/cmake/my_robot_descriptionConfig.cmake
[0.175s] -- Up-to-date: /home/nman/owl_project_ws/install/my_robot_description/share/my_robot_description/cmake/my_robot_descriptionConfig-version.cmake
[0.175s] -- Up-to-date: /home/nman/owl_project_ws/install/my_robot_description/share/my_robot_description/package.xml
[0.203s] Invoked command in '/home/nman/owl_project_ws/build/my_robot_description' returned '0': CMAKE_PREFIX_PATH=/opt/ros/humble /usr/bin/cmake --install /home/nman/owl_project_ws/build/my_robot_description
