[0.015s] Invoking command in '/home/nman/owl_project_ws/build/my_robot_gazebo': CMAKE_PREFIX_PATH=/opt/ros/humble /usr/bin/cmake /home/nman/owl_project_ws/src/my_robot_gazebo -DCMAKE_INSTALL_PREFIX=/home/nman/owl_project_ws/install/my_robot_gazebo
[0.089s] -- The C compiler identification is GNU 11.4.0
[0.154s] -- The CXX compiler identification is GNU 11.4.0
[0.162s] -- Detecting C compiler ABI info
[0.225s] -- Detecting C compiler ABI info - done
[0.232s] -- Check for working C compiler: /usr/bin/cc - skipped
[0.232s] -- Detecting C compile features
[0.232s] -- Detecting C compile features - done
[0.235s] -- Detecting CXX compiler ABI info
[0.307s] -- Detecting CXX compiler ABI info - done
[0.314s] -- Check for working CXX compiler: /usr/bin/c++ - skipped
[0.314s] -- Detecting CXX compile features
[0.314s] -- Detecting CXX compile features - done
[0.318s] -- Found ament_cmake: 1.3.14 (/opt/ros/humble/share/ament_cmake/cmake)
[0.441s] -- Found Python3: /usr/bin/python3 (found version "3.10.12") found components: Interpreter 
[0.525s] -- Found ament_lint_auto: 0.12.15 (/opt/ros/humble/share/ament_lint_auto/cmake)
[0.594s] -- Added test 'lint_cmake' to check CMake code style
[0.595s] -- Added test 'xmllint' to check XML markup files
[0.596s] -- Configuring done
[0.599s] -- Generating done
[0.599s] -- Build files have been written to: /home/nman/owl_project_ws/build/my_robot_gazebo
[0.604s] Invoked command in '/home/nman/owl_project_ws/build/my_robot_gazebo' returned '0': CMAKE_PREFIX_PATH=/opt/ros/humble /usr/bin/cmake /home/nman/owl_project_ws/src/my_robot_gazebo -DCMAKE_INSTALL_PREFIX=/home/nman/owl_project_ws/install/my_robot_gazebo
[0.605s] Invoking command in '/home/nman/owl_project_ws/build/my_robot_gazebo': CMAKE_PREFIX_PATH=/opt/ros/humble /usr/bin/cmake --build /home/nman/owl_project_ws/build/my_robot_gazebo -- -j24 -l24
[0.643s] Invoked command in '/home/nman/owl_project_ws/build/my_robot_gazebo' returned '0': CMAKE_PREFIX_PATH=/opt/ros/humble /usr/bin/cmake --build /home/nman/owl_project_ws/build/my_robot_gazebo -- -j24 -l24
[0.644s] Invoking command in '/home/nman/owl_project_ws/build/my_robot_gazebo': CMAKE_PREFIX_PATH=/opt/ros/humble /usr/bin/cmake --install /home/nman/owl_project_ws/build/my_robot_gazebo
[0.651s] -- Install configuration: ""
[0.651s] -- Installing: /home/nman/owl_project_ws/install/my_robot_gazebo/share/ament_index/resource_index/package_run_dependencies/my_robot_gazebo
[0.651s] -- Installing: /home/nman/owl_project_ws/install/my_robot_gazebo/share/ament_index/resource_index/parent_prefix_path/my_robot_gazebo
[0.651s] -- Installing: /home/nman/owl_project_ws/install/my_robot_gazebo/share/my_robot_gazebo/environment/ament_prefix_path.sh
[0.652s] -- Installing: /home/nman/owl_project_ws/install/my_robot_gazebo/share/my_robot_gazebo/environment/ament_prefix_path.dsv
[0.652s] -- Installing: /home/nman/owl_project_ws/install/my_robot_gazebo/share/my_robot_gazebo/environment/path.sh
[0.652s] -- Installing: /home/nman/owl_project_ws/install/my_robot_gazebo/share/my_robot_gazebo/environment/path.dsv
[0.652s] -- Installing: /home/nman/owl_project_ws/install/my_robot_gazebo/share/my_robot_gazebo/local_setup.bash
[0.652s] -- Installing: /home/nman/owl_project_ws/install/my_robot_gazebo/share/my_robot_gazebo/local_setup.sh
[0.652s] -- Installing: /home/nman/owl_project_ws/install/my_robot_gazebo/share/my_robot_gazebo/local_setup.zsh
[0.652s] -- Installing: /home/nman/owl_project_ws/install/my_robot_gazebo/share/my_robot_gazebo/local_setup.dsv
[0.652s] -- Installing: /home/nman/owl_project_ws/install/my_robot_gazebo/share/my_robot_gazebo/package.dsv
[0.652s] -- Installing: /home/nman/owl_project_ws/install/my_robot_gazebo/share/ament_index/resource_index/packages/my_robot_gazebo
[0.652s] -- Installing: /home/nman/owl_project_ws/install/my_robot_gazebo/share/my_robot_gazebo/cmake/my_robot_gazeboConfig.cmake
[0.652s] -- Installing: /home/nman/owl_project_ws/install/my_robot_gazebo/share/my_robot_gazebo/cmake/my_robot_gazeboConfig-version.cmake
[0.653s] -- Installing: /home/nman/owl_project_ws/install/my_robot_gazebo/share/my_robot_gazebo/package.xml
[0.666s] Invoked command in '/home/nman/owl_project_ws/build/my_robot_gazebo' returned '0': CMAKE_PREFIX_PATH=/opt/ros/humble /usr/bin/cmake --install /home/nman/owl_project_ws/build/my_robot_gazebo
